2021-03-03 21:44:58,200 - Fota测试 - WARNING - function:data_dealcom.tct.gdpr 无需进行授权!
2021-03-03 21:44:58,354 - Fota测试 - WARNING - function:data_dealcom.tct.iris 无需进行授权!
2021-03-03 21:44:58,447 - Fota测试 - WARNING - function:data_dealcom.swfp.factory 无需进行授权!
2021-03-03 21:44:58,534 - Fota测试 - WARNING - function:data_dealcom.google.android.networkstack.tethering 无需进行授权!
2021-03-03 21:44:59,209 - Fota测试 - WARNING - function:data_dealcom.mobisystems.office 无需进行授权!
2021-03-03 21:44:59,330 - Fota测试 - WARNING - function:data_dealcom.android.cts.priv.ctsshim 无需进行授权!
2021-03-03 21:44:59,555 - Fota测试 - WARNING - function:data_dealcom.google.android.youtube 无需进行授权!
2021-03-03 21:44:59,744 - Fota测试 - WARNING - function:data_dealcom.tct.music 无需进行授权!
2021-03-03 21:44:59,847 - Fota测试 - WARNING - function:data_dealcom.tct.phone 无需进行授权!
2021-03-03 21:44:59,952 - Fota测试 - WARNING - function:data_dealcom.android.internal.display.cutout.emulation.corner 无需进行授权!
2021-03-03 21:45:00,023 - Fota测试 - WARNING - function:data_dealcom.google.android.ext.services 无需进行授权!
2021-03-03 21:45:00,093 - Fota测试 - WARNING - function:data_dealcom.android.internal.display.cutout.emulation.double 无需进行授权!
2021-03-03 21:45:00,191 - Fota测试 - WARNING - function:data_dealcom.android.providers.telephony 无需进行授权!
2021-03-03 21:45:00,280 - Fota测试 - WARNING - function:data_dealcom.android.dynsystem 无需进行授权!
2021-03-03 21:45:00,353 - Fota测试 - WARNING - function:data_dealcom.android.theme.icon.pebble 无需进行授权!
2021-03-03 21:45:00,596 - Fota测试 - WARNING - function:data_dealcom.google.android.googlequicksearchbox 无需进行授权!
2021-03-03 21:45:00,689 - Fota测试 - WARNING - function:data_dealcom.google.android.cellbroadcastservice 无需进行授权!
2021-03-03 21:45:00,868 - Fota测试 - WARNING - function:data_dealcom.tcl.tct.filemanager 无需进行授权!
2021-03-03 21:45:00,964 - Fota测试 - WARNING - function:data_dealcom.android.providers.calendar 无需进行授权!
2021-03-03 21:45:01,126 - Fota测试 - WARNING - function:data_dealcom.google.android.apps.googleassistant 无需进行授权!
2021-03-03 21:45:01,234 - Fota测试 - WARNING - function:data_dealcom.android.providers.media 无需进行授权!
2021-03-03 21:45:01,323 - Fota测试 - WARNING - function:data_dealcom.qti.service.colorservice 无需进行授权!
2021-03-03 21:45:01,567 - Fota测试 - WARNING - function:data_dealcom.qiyi.video 无需进行授权!
2021-03-03 21:45:01,659 - Fota测试 - WARNING - function:data_dealcom.google.android.onetimeinitializer 无需进行授权!
2021-03-03 21:45:01,806 - Fota测试 - WARNING - function:data_dealcom.google.android.ext.shared 无需进行授权!
2021-03-03 21:45:01,853 - Fota测试 - WARNING - function:data_dealcom.android.internal.systemui.navbar.gestural_wide_back 无需进行授权!
2021-03-03 21:45:02,000 - Fota测试 - WARNING - function:data_dealcom.tct.smart.aota 无需进行授权!
2021-03-03 21:45:02,090 - Fota测试 - WARNING - function:data_dealcom.tct.smart.push 无需进行授权!
2021-03-03 21:45:02,231 - Fota测试 - WARNING - function:data_dealcom.qualcomm.qti.simcontacts 无需进行授权!
2021-03-03 21:45:02,407 - Fota测试 - WARNING - function:data_dealcom.sohu.inputmethod.sogou 无需进行授权!
2021-03-03 21:45:02,480 - Fota测试 - WARNING - function:data_dealcom.android.wallpapercropper 无需进行授权!
2021-03-03 21:45:02,552 - Fota测试 - WARNING - function:data_dealcom.android.theme.icon.vessel 无需进行授权!
2021-03-03 21:45:02,629 - Fota测试 - WARNING - function:data_dealcom.android.theme.color.cinnamon 无需进行授权!
2021-03-03 21:45:02,791 - Fota测试 - WARNING - function:data_dealcom.tcl.fmradio 无需进行授权!
2021-03-03 21:45:02,873 - Fota测试 - WARNING - function:data_dealcom.tct.phone.rro_brand 无需进行授权!
2021-03-03 21:45:02,928 - Fota测试 - WARNING - function:data_dealcom.android.theme.icon_pack.rounded.systemui 无需进行授权!
2021-03-03 21:45:02,994 - Fota测试 - WARNING - function:data_dealcom.android.theme.icon.taperedrect 无需进行授权!
2021-03-03 21:45:03,071 - Fota测试 - WARNING - function:data_dealcom.focaltech.fingerprint 无需进行授权!
2021-03-03 21:45:03,297 - Fota测试 - WARNING - function:data_dealcom.tencent.qqmusic 无需进行授权!
2021-03-03 21:45:03,395 - Fota测试 - WARNING - function:data_dealcom.tct.simplelauncher 无需进行授权!
2021-03-03 21:45:03,477 - Fota测试 - WARNING - function:data_dealcom.android.externalstorage 无需进行授权!
2021-03-03 21:45:03,569 - Fota测试 - WARNING - function:data_dealcom.qualcomm.uimremoteclient 无需进行授权!
2021-03-03 21:45:03,650 - Fota测试 - WARNING - function:data_dealcom.android.htmlviewer 无需进行授权!
2021-03-03 21:45:03,818 - Fota测试 - WARNING - function:data_dealcom.whatsapp 无需进行授权!
2021-03-03 21:45:03,897 - Fota测试 - WARNING - function:data_dealcom.android.companiondevicemanager 无需进行授权!
2021-03-03 21:45:03,982 - Fota测试 - WARNING - function:data_dealcom.android.mms.service 无需进行授权!
2021-03-03 21:45:04,128 - Fota测试 - WARNING - function:data_dealcom.tct.smart.community 无需进行授权!
2021-03-03 21:45:04,222 - Fota测试 - WARNING - function:data_dealcom.android.providers.downloads 无需进行授权!
2021-03-03 21:45:04,411 - Fota测试 - WARNING - function:data_dealcom.tct.onetouchbooster 无需进行授权!
2021-03-03 21:45:04,573 - Fota测试 - WARNING - function:data_dealcom.google.android.apps.messaging 无需进行授权!
2021-03-03 21:45:04,663 - Fota测试 - WARNING - function:data_dealcom.tct.secretCode 无需进行授权!
2021-03-03 21:45:04,737 - Fota测试 - WARNING - function:data_dealcom.android.theme.icon_pack.rounded.android 无需进行授权!
2021-03-03 21:45:04,810 - Fota测试 - WARNING - function:data_dealandroid.rro_brand 无需进行授权!
2021-03-03 21:45:04,894 - Fota测试 - WARNING - function:data_dealvendor.qti.hardware.cacert.server 无需进行授权!
2021-03-03 21:45:04,975 - Fota测试 - WARNING - function:data_dealcom.tcl.compass.a_overlay 无需进行授权!
2021-03-03 21:45:05,056 - Fota测试 - WARNING - function:data_dealcom.arcsoft.aftersalecalitool 无需进行授权!
2021-03-03 21:45:05,222 - Fota测试 - WARNING - function:data_dealcom.tct.smart.fileshare 无需进行授权!
2021-03-03 21:45:05,272 - Fota测试 - WARNING - function:data_dealcom.netflix.partner.activation 无需进行授权!
2021-03-03 21:45:05,362 - Fota测试 - WARNING - function:data_dealcom.jrdcom.Elabel.overlay_T671F 无需进行授权!
2021-03-03 21:45:05,436 - Fota测试 - WARNING - function:data_dealcom.qualcomm.qti.telephonyservice 无需进行授权!
2021-03-03 21:45:05,518 - Fota测试 - WARNING - function:data_dealcom.qualcomm.qti.performancemode 无需进行授权!
2021-03-03 21:45:05,595 - Fota测试 - WARNING - function:data_dealcom.google.android.overlay.modules.permissioncontroller.tctui.cts 无需进行授权!
2021-03-03 21:45:05,670 - Fota测试 - WARNING - function:data_dealcom.android.theme.icon_pack.circular.themepicker 无需进行授权!
2021-03-03 21:45:05,765 - Fota测试 - WARNING - function:data_dealvendor.qti.iwlan 无需进行授权!
2021-03-03 21:45:05,866 - Fota测试 - WARNING - function:data_dealcom.google.android.configupdater 无需进行授权!
2021-03-03 21:45:05,958 - Fota测试 - WARNING - function:data_dealcom.google.android.providers.media.module 无需进行授权!
2021-03-03 21:45:06,024 - Fota测试 - WARNING - function:data_dealcom.google.android.overlay.modules.permissioncontroller 无需进行授权!
2021-03-03 21:45:06,120 - Fota测试 - WARNING - function:data_dealcom.tcl.TctRFM 无需进行授权!
2021-03-03 21:45:06,214 - Fota测试 - WARNING - function:data_dealcom.qualcomm.uimremoteserver 无需进行授权!
2021-03-03 21:45:06,297 - Fota测试 - WARNING - function:data_dealcom.android.providers.tctdatahubprovider 无需进行授权!
2021-03-03 21:45:06,384 - Fota测试 - WARNING - function:data_dealcom.qti.confuridialer 无需进行授权!
2021-03-03 21:45:06,569 - Fota测试 - WARNING - function:data_dealcom.tcl.android.launcher 无需进行授权!
2021-03-03 21:45:06,652 - Fota测试 - WARNING - function:data_dealcom.android.systemui.plugin.globalactions.wallet 无需进行授权!
2021-03-03 21:45:06,728 - Fota测试 - WARNING - function:data_dealcom.tct.simplelauncher.a_overlay 无需进行授权!
2021-03-03 21:45:06,801 - Fota测试 - WARNING - function:data_dealcom.tcl.logger.a_overlay 无需进行授权!
2021-03-03 21:45:06,877 - Fota测试 - WARNING - function:data_dealcom.android.providers.downloads.ui 无需进行授权!
2021-03-03 21:45:07,070 - Fota测试 - WARNING - function:data_dealcom.android.vending 无需进行授权!
2021-03-03 21:45:07,150 - Fota测试 - WARNING - function:data_dealcom.android.pacprocessor 无需进行授权!
2021-03-03 21:45:07,246 - Fota测试 - WARNING - function:data_dealcom.android.simappdialog 无需进行授权!
2021-03-03 21:45:07,403 - Fota测试 - WARNING - function:data_dealcom.netease.nie.yosemite 无需进行授权!
2021-03-03 21:45:07,502 - Fota测试 - WARNING - function:data_dealcom.arcsoft.arcsoftverifytool 无需进行授权!
2021-03-03 21:45:07,582 - Fota测试 - WARNING - function:data_dealandroid.overlay.common 无需进行授权!
2021-03-03 21:45:07,678 - Fota测试 - WARNING - function:data_dealcom.jrdcom.mtf 无需进行授权!
2021-03-03 21:45:07,907 - Fota测试 - WARNING - function:data_dealcom.tencent.mm 无需进行授权!
2021-03-03 21:45:07,986 - Fota测试 - WARNING - function:data_dealcom.android.internal.display.cutout.emulation.hole 无需进行授权!
2021-03-03 21:45:08,059 - Fota测试 - WARNING - function:data_dealcom.android.internal.display.cutout.emulation.tall 无需进行授权!
2021-03-03 21:45:08,158 - Fota测试 - WARNING - function:data_dealcom.android.certinstaller 无需进行授权!
2021-03-03 21:45:08,320 - Fota测试 - WARNING - function:data_dealcom.tcl.tct.weather 无需进行授权!
2021-03-03 21:45:08,394 - Fota测试 - WARNING - function:data_dealcom.android.theme.color.black 无需进行授权!
2021-03-03 21:45:08,483 - Fota测试 - WARNING - function:data_dealcom.android.carrierconfig 无需进行授权!
2021-03-03 21:45:08,586 - Fota测试 - WARNING - function:data_dealcom.google.android.marvin.talkback 无需进行授权!
2021-03-03 21:45:08,659 - Fota测试 - WARNING - function:data_dealcom.android.theme.color.green 无需进行授权!
2021-03-03 21:45:08,736 - Fota测试 - WARNING - function:data_dealcom.android.theme.color.ocean 无需进行授权!
2021-03-03 21:45:08,961 - Fota测试 - WARNING - function:data_dealcom.sand.airdroid 无需进行授权!
2021-03-03 21:45:09,046 - Fota测试 - WARNING - function:data_dealcom.android.theme.color.space 无需进行授权!
2021-03-03 21:45:09,130 - Fota测试 - WARNING - function:data_dealcom.android.internal.systemui.navbar.threebutton 无需进行授权!
2021-03-03 21:45:09,242 - Fota测试 - WARNING - function:data_dealcom.google.android.apps.work.oobconfig 无需进行授权!
2021-03-03 21:45:09,331 - Fota测试 - WARNING - function:data_dealcom.qti.qualcomm.datastatusnotification 无需进行授权!
2021-03-03 21:45:09,438 - Fota测试 - WARNING - function:data_dealandroid 无需进行授权!
2021-03-03 21:45:09,651 - Fota测试 - WARNING - function:data_dealcom.tcl.fota.system 无需进行授权!
2021-03-03 21:45:09,730 - Fota测试 - WARNING - function:data_dealjp.co.cyberagent.stf.rotationwatcher 无需进行授权!
2021-03-03 21:45:09,895 - Fota测试 - WARNING - function:data_dealcom.tct.smart.notes 无需进行授权!
2021-03-03 21:45:09,995 - Fota测试 - WARNING - function:data_dealcom.tct.smart.tlink 无需进行授权!
2021-03-03 21:45:10,066 - Fota测试 - WARNING - function:data_dealcom.android.phone.rro_vendor 无需进行授权!
2021-03-03 21:45:10,153 - Fota测试 - WARNING - function:data_dealcom.qualcomm.wfd.service 无需进行授权!
2021-03-03 21:45:10,255 - Fota测试 - WARNING - function:data_dealcom.tct.smart.lostmode 无需进行授权!
2021-03-03 21:45:10,443 - Fota测试 - WARNING - function:data_dealcom.tct.smart.switchphone 无需进行授权!
2021-03-03 21:45:10,512 - Fota测试 - WARNING - function:data_dealcom.android.providers.settings.rro_common 无需进行授权!
2021-03-03 21:45:10,584 - Fota测试 - WARNING - function:data_dealcom.android.theme.icon_pack.rounded.launcher 无需进行授权!
2021-03-03 21:45:10,687 - Fota测试 - WARNING - function:data_dealcom.qti.qualcomm.deviceinfo 无需进行授权!
2021-03-03 21:45:10,786 - Fota测试 - WARNING - function:data_dealcom.tct.cellular.arda 无需进行授权!
2021-03-03 21:45:10,861 - Fota测试 - WARNING - function:data_dealcom.tct.systemservice 无需进行授权!
2021-03-03 21:45:11,023 - Fota测试 - WARNING - function:data_dealcom.tcl.tct.soundrecorder 无需进行授权!
2021-03-03 21:45:11,109 - Fota测试 - WARNING - function:data_dealcom.jrdcom.Elabel.a_overlay 无需进行授权!
2021-03-03 21:45:11,313 - Fota测试 - WARNING - function:data_dealcom.tcl.camera 无需进行授权!
2021-03-03 21:45:11,409 - Fota测试 - WARNING - function:data_dealcom.android.egg 无需进行授权!
2021-03-03 21:45:11,518 - Fota测试 - WARNING - function:data_dealcom.android.mtp 无需进行授权!
2021-03-03 21:45:11,614 - Fota测试 - WARNING - function:data_dealcom.android.nfc 无需进行授权!
2021-03-03 21:45:11,697 - Fota测试 - WARNING - function:data_dealcom.android.ons 无需进行授权!
2021-03-03 21:45:11,867 - Fota测试 - WARNING - function:data_dealcom.android.stk 无需进行授权!
2021-03-03 21:45:11,956 - Fota测试 - WARNING - function:data_dealcom.tct.wfcwebiew 无需进行授权!
2021-03-03 21:45:12,051 - Fota测试 - WARNING - function:data_dealcom.android.backupconfirm 无需进行授权!
2021-03-03 21:45:12,141 - Fota测试 - WARNING - function:data_dealcom.tcl.camera.a_overlay 无需进行授权!
2021-03-03 21:45:12,332 - Fota测试 - WARNING - function:data_dealcom.tcl.screenshotex 无需进行授权!
2021-03-03 21:45:12,418 - Fota测试 - WARNING - function:data_dealorg.codeaurora.ims 无需进行授权!
2021-03-03 21:45:12,504 - Fota测试 - WARNING - function:data_dealcom.android.statementservice 无需进行授权!
2021-03-03 21:45:12,601 - Fota测试 - WARNING - function:data_dealcom.tcl.token 无需进行授权!
2021-03-03 21:45:12,832 - Fota测试 - WARNING - function:data_dealcom.google.android.gm 无需进行授权!
2021-03-03 21:45:13,007 - Fota测试 - WARNING - function:data_dealcom.google.android.apps.tachyon 无需进行授权!
2021-03-03 21:45:13,089 - Fota测试 - WARNING - function:data_dealcom.google.android.overlay.gmsconfig.common 无需进行授权!
2021-03-03 21:45:13,181 - Fota测试 - WARNING - function:data_dealcom.android.settings.intelligence 无需进行授权!
2021-03-03 21:45:13,285 - Fota测试 - WARNING - function:data_dealcom.tct.sidebar 无需进行授权!
2021-03-03 21:45:13,529 - Fota测试 - WARNING - function:data_dealcom.tcl.logger 无需进行授权!
2021-03-03 21:45:13,600 - Fota测试 - WARNING - function:data_dealcom.android.internal.systemui.navbar.gestural_extra_wide_back 无需进行授权!
2021-03-03 21:45:13,679 - Fota测试 - WARNING - function:data_dealcom.android.overlay.modules.permissioncontroller.tctui.cts 无需进行授权!
2021-03-03 21:45:13,767 - Fota测试 - WARNING - function:data_dealcom.google.android.permissioncontroller 无需进行授权!
2021-03-03 21:45:13,854 - Fota测试 - WARNING - function:data_dealcom.qualcomm.qti.dynamicddsservice 无需进行授权!
2021-03-03 21:45:13,973 - Fota测试 - WARNING - function:data_dealcom.google.android.setupwizard 无需进行授权!
2021-03-03 21:45:14,135 - Fota测试 - WARNING - function:data_dealcom.sticktoit 无需进行授权!
2021-03-03 21:45:14,226 - Fota测试 - WARNING - function:data_dealcom.tct.smart.nps 无需进行授权!
2021-03-03 21:45:14,326 - Fota测试 - WARNING - function:data_dealcom.tcl.entitlement 无需进行授权!
2021-03-03 21:45:14,418 - Fota测试 - WARNING - function:data_dealcom.qualcomm.qcrilmsgtunnel 无需进行授权!
2021-03-03 21:45:14,617 - Fota测试 - WARNING - function:data_dealcom.tcl.usercare 无需进行授权!
2021-03-03 21:45:14,722 - Fota测试 - WARNING - function:data_dealcom.android.providers.settings 无需进行授权!
2021-03-03 21:45:14,798 - Fota测试 - WARNING - function:data_dealcom.android.providers.settings.rro_product 无需进行授权!
2021-03-03 21:45:14,888 - Fota测试 - WARNING - function:data_dealcom.android.sharedstoragebackup 无需进行授权!
2021-03-03 21:45:14,985 - Fota测试 - WARNING - function:data_dealcom.facebook.services 无需进行授权!
2021-03-03 21:45:15,068 - Fota测试 - WARNING - function:data_dealcom.android.printspooler 无需进行授权!
2021-03-03 21:45:15,150 - Fota测试 - WARNING - function:data_dealcom.android.providers.settings.rro_vendor 无需进行授权!
2021-03-03 21:45:15,235 - Fota测试 - WARNING - function:data_dealcom.qualcomm.qti.services.systemhelper 无需进行授权!
2021-03-03 21:45:15,312 - Fota测试 - WARNING - function:data_dealcom.android.theme.icon_pack.filled.settings 无需进行授权!
2021-03-03 21:45:15,393 - Fota测试 - WARNING - function:data_dealcom.android.wifi.resources.overlay.common 无需进行授权!
2021-03-03 21:45:15,481 - Fota测试 - WARNING - function:data_dealcom.android.dreams.basic 无需进行授权!
2021-03-03 21:45:15,581 - Fota测试 - WARNING - function:data_dealcom.android.mmitest 无需进行授权!
2021-03-03 21:45:15,747 - Fota测试 - WARNING - function:data_dealcom.creativelab.impulse 无需进行授权!
2021-03-03 21:45:15,845 - Fota测试 - WARNING - function:data_dealcom.tct.aio 无需进行授权!
2021-03-03 21:45:15,931 - Fota测试 - WARNING - function:data_dealcom.google.android.overlay.modules.ext.services 无需进行授权!
2021-03-03 21:45:16,020 - Fota测试 - WARNING - function:data_dealcom.android.se 无需进行授权!
2021-03-03 21:45:16,109 - Fota测试 - WARNING - function:data_dealcom.android.inputdevices 无需进行授权!
2021-03-03 21:45:16,290 - Fota测试 - WARNING - function:data_dealcom.google.android.apps.wellbeing 无需进行授权!
2021-03-03 21:45:16,369 - Fota测试 - WARNING - function:data_dealcom.google.android.overlay.gmsconfig.photos 无需进行授权!
2021-03-03 21:45:16,554 - Fota测试 - WARNING - function:data_dealcom.google.android.dialer 无需进行授权!
2021-03-03 21:45:16,660 - Fota测试 - WARNING - function:data_dealcom.android.bips 无需进行授权!
2021-03-03 21:45:16,753 - Fota测试 - WARNING - function:data_dealcom.qti.dpmserviceapp 无需进行授权!
2021-03-03 21:45:16,922 - Fota测试 - WARNING - function:data_dealcom.tcl.android.video 无需进行授权!
2021-03-03 21:45:17,013 - Fota测试 - WARNING - function:data_dealcom.google.android.captiveportallogin 无需进行授权!
2021-03-03 21:45:17,096 - Fota测试 - WARNING - function:data_dealcom.android.theme.icon_pack.circular.settings 无需进行授权!
2021-03-03 21:45:17,272 - Fota测试 - WARNING - function:data_dealcom.tcl.compass 无需进行授权!
2021-03-03 21:45:17,357 - Fota测试 - WARNING - function:data_dealcom.google.android.overlay.gmsconfig.comms 无需进行授权!
2021-03-03 21:45:17,439 - Fota测试 - WARNING - function:data_dealcom.tcl.android.launchertheme.res 无需进行授权!
2021-03-03 21:45:17,525 - Fota测试 - WARNING - function:data_dealcom.qti.xdivert 无需进行授权!
2021-03-03 21:45:17,626 - Fota测试 - WARNING - function:data_dealcom.android.musicfx 无需进行授权!
2021-03-03 21:45:17,887 - Fota测试 - WARNING - function:data_dealcom.google.android.apps.maps 无需进行授权!
2021-03-03 21:45:17,960 - Fota测试 - WARNING - function:data_dealcom.google.android.modulemetadata 无需进行授权!
2021-03-03 21:45:18,060 - Fota测试 - WARNING - function:data_dealcom.android.cellbroadcastreceiver 无需进行授权!
2021-03-03 21:45:18,151 - Fota测试 - WARNING - function:data_dealcom.google.android.webview 无需进行授权!
2021-03-03 21:45:18,231 - Fota测试 - WARNING - function:data_dealcom.android.theme.icon.teardrop 无需进行授权!
2021-03-03 21:45:18,315 - Fota测试 - WARNING - function:data_dealcom.google.android.overlay.modules.documentsui 无需进行授权!
2021-03-03 21:45:18,416 - Fota测试 - WARNING - function:data_dealcom.android.gallery3d.refocus 无需进行授权!
2021-03-03 21:45:18,514 - Fota测试 - WARNING - function:data_dealcom.google.android.networkstack 无需进行授权!
2021-03-03 21:45:18,697 - Fota测试 - WARNING - function:data_dealcom.google.android.contacts 无需进行授权!
2021-03-03 21:45:18,798 - Fota测试 - WARNING - function:data_dealcom.android.server.telecom 无需进行授权!
2021-03-03 21:45:18,897 - Fota测试 - WARNING - function:data_dealcom.google.android.syncadapters.contacts 无需进行授权!
2021-03-03 21:45:19,010 - Fota测试 - WARNING - function:data_dealcom.tct.setupwizard 无需进行授权!
2021-03-03 21:45:19,083 - Fota测试 - WARNING - function:data_dealcom.android.theme.icon_pack.rounded.themepicker 无需进行授权!
2021-03-03 21:45:19,168 - Fota测试 - WARNING - function:data_dealcom.android.keychain 无需进行授权!
2021-03-03 21:45:19,245 - Fota测试 - WARNING - function:data_dealcom.android.wifi.resources.overlay.target 无需进行授权!
2021-03-03 21:45:19,580 - Fota测试 - WARNING - function:data_dealcom.android.chrome 无需进行授权!
2021-03-03 21:45:19,674 - Fota测试 - WARNING - function:data_dealcom.google.android.cellbroadcastreceiver.rro_common 无需进行授权!
2021-03-03 21:45:19,757 - Fota测试 - WARNING - function:data_dealcom.android.theme.icon_pack.filled.systemui 无需进行授权!
2021-03-03 21:45:19,841 - Fota测试 - WARNING - function:data_dealcom.google.android.packageinstaller 无需进行授权!
2021-03-03 21:45:20,192 - Fota测试 - WARNING - function:data_dealcom.google.android.gms 无需进行授权!
2021-03-03 21:45:20,318 - Fota测试 - WARNING - function:data_dealcom.google.android.gsf 无需进行授权!
2021-03-03 21:45:20,411 - Fota测试 - WARNING - function:data_dealcom.google.android.ims 无需进行授权!
2021-03-03 21:45:20,511 - Fota测试 - WARNING - function:data_dealcom.google.android.tag 无需进行授权!
2021-03-03 21:45:20,603 - Fota测试 - WARNING - function:data_dealcom.google.android.tts 无需进行授权!
2021-03-03 21:45:20,683 - Fota测试 - WARNING - function:data_dealcom.android.wifi.resources 无需进行授权!
2021-03-03 21:45:20,784 - Fota测试 - WARNING - function:data_dealcom.maxelus.vortexgalaxylivewallpaper 无需进行授权!
2021-03-03 21:45:20,874 - Fota测试 - WARNING - function:data_dealcom.google.android.gmsintegration 无需进行授权!
2021-03-03 21:45:20,961 - Fota测试 - WARNING - function:data_dealandroid.rro_vendor 无需进行授权!
2021-03-03 21:45:21,156 - Fota测试 - WARNING - function:data_dealcom.google.android.apps.walletnfcrel 无需进行授权!
2021-03-03 21:45:21,239 - Fota测试 - WARNING - function:data_dealcom.android.calllogbackup 无需进行授权!
2021-03-03 21:45:21,340 - Fota测试 - WARNING - function:data_dealcom.google.android.partnersetup 无需进行授权!
2021-03-03 21:45:21,427 - Fota测试 - WARNING - function:data_dealcom.android.systemui.overlay.common 无需进行授权!
2021-03-03 21:45:21,542 - Fota测试 - WARNING - function:data_dealcom.tcl.keyguardshortcut 无需进行授权!
2021-03-03 21:45:21,644 - Fota测试 - WARNING - function:data_dealcom.android.localtransport 无需进行授权!
2021-03-03 21:45:21,819 - Fota测试 - WARNING - function:data_dealcom.getech.teamwork 无需进行授权!
2021-03-03 21:45:21,905 - Fota测试 - WARNING - function:data_dealcom.google.android.overlay.gmsconfig.gsa 无需进行授权!
2021-03-03 21:45:21,998 - Fota测试 - WARNING - function:data_dealcom.android.carrierdefaultapp 无需进行授权!
2021-03-03 21:45:22,088 - Fota测试 - WARNING - function:data_dealcom.android.carrierconfig.rro_product 无需进行授权!
2021-03-03 21:45:22,165 - Fota测试 - WARNING - function:data_dealcom.qualcomm.qti.remoteSimlockAuth 无需进行授权!
2021-03-03 21:45:22,243 - Fota测试 - WARNING - function:data_dealcom.qualcomm.qti.devicestatisticsservice 无需进行授权!
2021-03-03 21:45:22,332 - Fota测试 - WARNING - function:data_dealcom.tct.dialer.a_overlay 无需进行授权!
2021-03-03 21:45:22,597 - Fota测试 - WARNING - function:data_dealcom.kugou.android 无需进行授权!
2021-03-03 21:45:22,682 - Fota测试 - WARNING - function:data_dealcom.android.theme.font.notoserifsource 无需进行授权!
2021-03-03 21:45:22,760 - Fota测试 - WARNING - function:data_dealcom.android.theme.icon_pack.filled.android 无需进行授权!
2021-03-03 21:45:22,874 - Fota测试 - WARNING - function:data_dealcom.android.proxyhandler 无需进行授权!
2021-03-03 21:45:22,934 - Fota测试 - WARNING - function:data_dealcom.android.internal.display.cutout.emulation.waterfall 无需进行授权!
2021-03-03 21:45:23,017 - Fota测试 - WARNING - function:data_dealcom.tcl.android.launcher.overlay_Austin 无需进行授权!
2021-03-03 21:45:23,181 - Fota测试 - WARNING - function:data_dealcom.netflix.mediaclient 无需进行授权!
2021-03-03 21:45:23,259 - Fota测试 - WARNING - function:data_dealcom.android.theme.icon_pack.circular.systemui 无需进行授权!
2021-03-03 21:45:23,439 - Fota测试 - WARNING - function:data_dealcom.tct.retaildemo 无需进行授权!
2021-03-03 21:45:23,555 - Fota测试 - WARNING - function:data_dealcom.tcl.faceunlock 无需进行授权!
2021-03-03 21:45:23,629 - Fota测试 - WARNING - function:data_dealcom.google.android.overlay.modules.permissioncontroller.forframework 无需进行授权!
2021-03-03 21:45:23,727 - Fota测试 - WARNING - function:data_dealcom.google.android.feedback 无需进行授权!
2021-03-03 21:45:23,827 - Fota测试 - WARNING - function:data_dealcom.google.android.printservice.recommendation 无需进行授权!
2021-03-03 21:45:24,037 - Fota测试 - WARNING - function:data_dealcom.google.android.apps.photos 无需进行授权!
2021-03-03 21:45:24,249 - Fota测试 - WARNING - function:data_dealcom.google.android.calendar 无需进行授权!
2021-03-03 21:45:24,373 - Fota测试 - WARNING - function:data_dealcom.android.managedprovisioning 无需进行授权!
2021-03-03 21:45:24,442 - Fota测试 - WARNING - function:data_dealcom.tct.contacts.transfer.a_overlay 无需进行授权!
2021-03-03 21:45:24,543 - Fota测试 - WARNING - function:data_dealcom.android.soundpicker 无需进行授权!
2021-03-03 21:45:24,714 - Fota测试 - WARNING - function:data_dealcom.google.android.documentsui 无需进行授权!
2021-03-03 21:45:24,788 - Fota测试 - WARNING - function:data_dealcom.google.mainline.telemetry 无需进行授权!
2021-03-03 21:45:24,981 - Fota测试 - WARNING - function:data_dealcom.tct.multipleuser 无需进行授权!
2021-03-03 21:45:25,141 - Fota测试 - WARNING - function:data_dealcom.facebook.katana 无需进行授权!
2021-03-03 21:45:25,245 - Fota测试 - WARNING - function:data_dealcom.tct.diagprotector 无需进行授权!
2021-03-03 21:45:25,345 - Fota测试 - WARNING - function:data_dealcom.jrdcom.Elabel 无需进行授权!
2021-03-03 21:45:25,424 - Fota测试 - WARNING - function:data_dealcom.tcl.android.launcher.a_overlay 无需进行授权!
2021-03-03 21:45:25,593 - Fota测试 - WARNING - function:data_dealcom.tcl.demopage 无需进行授权!
2021-03-03 21:45:25,685 - Fota测试 - WARNING - function:data_dealcom.android.providers.partnerbookmarks 无需进行授权!
2021-03-03 21:45:25,871 - Fota测试 - WARNING - function:data_dealcom.tcl.tct.calculator 无需进行授权!
2021-03-03 21:45:25,981 - Fota测试 - WARNING - function:data_dealcom.arcsoft.arcsoftcalibrationtool 无需进行授权!
2021-03-03 21:45:26,071 - Fota测试 - WARNING - function:data_dealcom.android.wallpaper.livepicker 无需进行授权!
2021-03-03 21:45:26,235 - Fota测试 - WARNING - function:data_dealcom.netease.open.pocoservice 无需进行授权!
2021-03-03 21:45:26,411 - Fota测试 - WARNING - function:data_dealcom.tct.gamemode 无需进行授权!
2021-03-03 21:45:26,494 - Fota测试 - WARNING - function:data_dealcom.tct 无需进行授权!
2021-03-03 21:45:26,594 - Fota测试 - WARNING - function:data_dealcom.tct.applock 无需进行授权!
2021-03-03 21:45:26,680 - Fota测试 - WARNING - function:data_dealcom.facebook.system 无需进行授权!
2021-03-03 21:45:26,880 - Fota测试 - WARNING - function:data_dealcom.tclhz.gallery 无需进行授权!
2021-03-03 21:45:26,962 - Fota测试 - WARNING - function:data_dealcom.tctui 无需进行授权!
2021-03-03 21:45:27,033 - Fota测试 - WARNING - function:data_dealcom.android.theme.icon.squircle 无需进行授权!
2021-03-03 21:45:27,130 - Fota测试 - WARNING - function:data_dealcom.tct.batterywarning 无需进行授权!
2021-03-03 21:45:27,210 - Fota测试 - WARNING - function:data_dealcom.android.server.telecom.rro_common 无需进行授权!
2021-03-03 21:45:27,290 - Fota测试 - WARNING - function:data_dealcom.google.android.networkstack.permissionconfig 无需进行授权!
2021-03-03 21:45:27,402 - Fota测试 - WARNING - function:data_dealcom.android.storagemanager 无需进行授权!
2021-03-03 21:45:27,489 - Fota测试 - WARNING - function:data_dealcom.android.bookmarkprovider 无需进行授权!
2021-03-03 21:45:27,690 - Fota测试 - WARNING - function:data_dealcom.android.settings 无需进行授权!
2021-03-03 21:45:27,782 - Fota测试 - WARNING - function:data_dealcom.qualcomm.qti.cne 无需进行授权!
2021-03-03 21:45:27,882 - Fota测试 - WARNING - function:data_dealcom.qualcomm.qti.ims 无需进行授权!
2021-03-03 21:45:27,978 - Fota测试 - WARNING - function:data_dealcom.qualcomm.qti.lpa 无需进行授权!
2021-03-03 21:45:28,066 - Fota测试 - WARNING - function:data_dealcom.qualcomm.qti.uim 无需进行授权!
2021-03-03 21:45:28,135 - Fota测试 - WARNING - function:data_dealcom.android.theme.icon_pack.filled.launcher 无需进行授权!
2021-03-03 21:45:28,243 - Fota测试 - WARNING - function:data_dealcom.android.otaprovisioningclient 无需进行授权!
2021-03-03 21:45:28,494 - Fota测试 - WARNING - function:data_dealcom.google.android.projection.gearhead 无需进行授权!
2021-03-03 21:45:28,589 - Fota测试 - WARNING - function:data_dealcom.qualcomm.location 无需进行授权!
2021-03-03 21:45:28,665 - Fota测试 - WARNING - function:data_dealcom.android.cts.ctsshim 无需进行授权!
2021-03-03 21:45:28,746 - Fota测试 - WARNING - function:data_dealcom.tclhz.gallery.a_overlay 无需进行授权!
2021-03-03 21:45:28,821 - Fota测试 - WARNING - function:data_dealcom.google.android.overlay.modules.modulemetadata.forframework 无需进行授权!
2021-03-03 21:45:28,917 - Fota测试 - WARNING - function:data_dealcom.netease.open.pocoservice.test 无需进行授权!
2021-03-03 21:45:29,002 - Fota测试 - WARNING - function:data_dealcom.android.phone.overlay_T671F 无需进行授权!
2021-03-03 21:45:29,082 - Fota测试 - WARNING - function:data_dealcom.tct.tctsmartapprecommend 无需进行授权!
2021-03-03 21:45:29,160 - Fota测试 - WARNING - function:data_dealcom.android.theme.icon_pack.circular.launcher 无需进行授权!
2021-03-03 21:45:29,251 - Fota测试 - WARNING - function:data_dealcom.qualcomm.qti.uimGbaApp 无需进行授权!
2021-03-03 21:45:29,353 - Fota测试 - WARNING - function:data_dealcom.tct.android.secureinput 无需进行授权!
2021-03-03 21:45:29,441 - Fota测试 - WARNING - function:data_dealcom.qualcomm.qti.services.secureui 无需进行授权!
2021-03-03 21:45:29,554 - Fota测试 - WARNING - function:data_dealcom.tct.privatespace 无需进行授权!
2021-03-03 21:45:29,643 - Fota测试 - WARNING - function:data_dealcom.android.vpndialogs 无需进行授权!
2021-03-03 21:45:29,738 - Fota测试 - WARNING - function:data_dealcom.qualcomm.location.XT 无需进行授权!
2021-03-03 21:45:29,814 - Fota测试 - WARNING - function:data_dealandroid.rro_product 无需进行授权!
2021-03-03 21:45:29,907 - Fota测试 - WARNING - function:data_dealcom.android.phone 无需进行授权!
2021-03-03 21:45:30,000 - Fota测试 - WARNING - function:data_dealcom.android.shell 无需进行授权!
2021-03-03 21:45:30,075 - Fota测试 - WARNING - function:data_dealcom.android.overlay.modules.permissioncontroller.tctui 无需进行授权!
2021-03-03 21:45:30,146 - Fota测试 - WARNING - function:data_dealcom.android.theme.icon_pack.filled.themepicker 无需进行授权!
2021-03-03 21:45:30,237 - Fota测试 - WARNING - function:data_dealcom.android.wallpaperbackup 无需进行授权!
2021-03-03 21:45:30,325 - Fota测试 - WARNING - function:data_dealcom.android.providers.blockednumber 无需进行授权!
2021-03-03 21:45:30,406 - Fota测试 - WARNING - function:data_dealcom.android.stk.rro_common 无需进行授权!
2021-03-03 21:45:30,502 - Fota测试 - WARNING - function:data_dealcom.tct.faceunlock 无需进行授权!
2021-03-03 21:45:30,593 - Fota测试 - WARNING - function:data_dealcom.tcl.engineermode 无需进行授权!
2021-03-03 21:45:30,684 - Fota测试 - WARNING - function:data_dealcom.android.email.partnerprovider 无需进行授权!
2021-03-03 21:45:30,768 - Fota测试 - WARNING - function:data_dealcom.android.providers.userdictionary 无需进行授权!
2021-03-03 21:45:30,879 - Fota测试 - WARNING - function:data_dealcom.android.emergency 无需进行授权!
2021-03-03 21:45:30,957 - Fota测试 - WARNING - function:data_dealcom.qualcomm.qti.seccamservice 无需进行授权!
2021-03-03 21:45:31,060 - Fota测试 - WARNING - function:data_dealcom.android.hotspot2.osulogin 无需进行授权!
2021-03-03 21:45:31,168 - Fota测试 - WARNING - function:data_dealcom.qualcomm.qti.qdma 无需进行授权!
2021-03-03 21:45:31,254 - Fota测试 - WARNING - function:data_dealcom.google.android.gms.location.history 无需进行授权!
2021-03-03 21:45:31,330 - Fota测试 - WARNING - function:data_dealcom.android.internal.systemui.navbar.gestural 无需进行授权!
2021-03-03 21:45:31,419 - Fota测试 - WARNING - function:data_dealcom.android.location.fused 无需进行授权!
2021-03-03 21:45:31,493 - Fota测试 - WARNING - function:data_dealcom.android.theme.color.orchid 无需进行授权!
2021-03-03 21:45:31,712 - Fota测试 - WARNING - function:data_dealcom.android.deskclock 无需进行授权!
2021-03-03 21:45:31,918 - Fota测试 - WARNING - function:data_dealcom.android.systemui 无需进行授权!
2021-03-03 21:45:31,984 - Fota测试 - WARNING - function:data_dealcom.android.theme.color.purple 无需进行授权!
2021-03-03 21:45:32,057 - Fota测试 - WARNING - function:data_dealcom.google.android.overlay.modules.permissioncontroller.tctui 无需进行授权!
2021-03-03 21:45:32,136 - Fota测试 - WARNING - function:data_dealcom.android.bluetoothmidiservice 无需进行授权!
2021-03-03 21:45:32,248 - Fota测试 - WARNING - function:data_dealcom.qualcomm.qti.confdialer 无需进行授权!
2021-03-03 21:45:32,347 - Fota测试 - WARNING - function:data_dealcom.qualcomm.qti.poweroffalarm 无需进行授权!
2021-03-03 21:45:32,445 - Fota测试 - WARNING - function:data_dealcom.qti.ltebc 无需进行授权!
2021-03-03 21:45:32,551 - Fota测试 - WARNING - function:data_dealcom.tcl.screenrecorder 无需进行授权!
2021-03-03 21:45:32,632 - Fota测试 - WARNING - function:data_dealcom.facebook.appmanager 无需进行授权!
2021-03-03 21:45:32,718 - Fota测试 - WARNING - function:data_dealandroid.default_dialer 无需进行授权!
2021-03-03 21:45:32,818 - Fota测试 - WARNING - function:data_dealcom.android.traceur 无需进行授权!
2021-03-03 21:45:32,921 - Fota测试 - WARNING - function:data_dealcom.tct.privacyprotect 无需进行授权!
2021-03-03 21:45:33,097 - Fota测试 - WARNING - function:data_dealcom.google.android.cellbroadcastreceiver 无需进行授权!
2021-03-03 21:45:33,178 - Fota测试 - WARNING - function:data_dealcom.qualcomm.qti.qccauthmgr 无需进行授权!
2021-03-03 21:45:33,277 - Fota测试 - WARNING - function:data_dealcom.tcl.android.wallpaper.livepicker 无需进行授权!
2021-03-03 21:45:33,352 - Fota测试 - WARNING - function:data_dealcom.qualcomm.qti.server.wigig.tethering.rro 无需进行授权!
2021-03-03 21:45:33,526 - Fota测试 - WARNING - function:data_dealcom.google.android.apps.adm 无需进行授权!
2021-03-03 21:45:33,643 - Fota测试 - WARNING - function:data_dealcom.android.bluetooth 无需进行授权!
2021-03-03 21:45:33,729 - Fota测试 - WARNING - function:data_dealcom.qualcomm.timeservice 无需进行授权!
2021-03-03 21:45:33,813 - Fota测试 - WARNING - function:data_dealcom.qualcomm.atfwd 无需进行授权!
2021-03-03 21:45:33,904 - Fota测试 - WARNING - function:data_dealcom.qualcomm.embms 无需进行授权!
2021-03-03 21:45:34,001 - Fota测试 - WARNING - function:data_dealcom.android.providers.contacts 无需进行授权!
2021-03-03 21:45:34,279 - Fota测试 - WARNING - function:data_dealcom.netease.cloudmusic 无需进行授权!
2021-03-03 21:45:34,366 - Fota测试 - WARNING - function:data_dealandroid.autoinstalls.config.TCL.PAI 无需进行授权!
2021-03-03 21:45:34,437 - Fota测试 - WARNING - function:data_dealcom.android.theme.icon.roundedrect 无需进行授权!
2021-03-03 21:45:34,509 - Fota测试 - WARNING - function:data_dealcom.android.internal.systemui.navbar.gestural_narrow_back 无需进行授权!
2021-03-03 21:45:34,594 - Fota测试 - WARNING - function:data_dealcom.tct.smart.account 无需进行授权!
2021-03-03 21:45:34,657 - Fota测试 - WARNING - function:data_dealcom.android.theme.icon_pack.rounded.settings 无需进行授权!
2021-03-03 21:45:34,839 - Fota测试 - WARNING - function:data_dealcom.google.android.inputmethod.latin 无需进行授权!
2021-03-03 21:45:34,914 - Fota测试 - WARNING - function:data_dealcom.android.theme.icon_pack.circular.android 无需进行授权!
2021-03-03 21:45:35,011 - Fota测试 - WARNING - function:data_dealcom.google.android.apps.restore 无需进行授权!
2021-03-03 21:45:45,764 - Fota测试 - INFO - 当前case测试结束，执行关闭APP操作：
2021-03-03 21:45:45,766 - Fota测试 - INFO - function:get_app_version:获取当前com.android.settings版本:
2021-03-03 21:45:46,462 - Fota测试 - INFO - 当前界面为主界面
2021-03-03 21:45:46,470 - Fota测试 - INFO - 当前case测试结束，执行关闭APP操作：
2021-03-03 21:45:46,471 - Fota测试 - INFO - function:get_app_version:获取当前com.android.deskclock版本:
2021-03-03 21:45:47,137 - Fota测试 - INFO - 当前界面为主界面
2021-03-03 21:45:47,149 - Fota测试 - INFO - 当前case测试结束，执行关闭APP操作：
2021-03-03 21:45:47,150 - Fota测试 - INFO - function:start_dialer:启动dialer app:
2021-03-03 21:45:48,747 - Fota测试 - INFO - function:enter_sort_interface:点击右上角菜单
2021-03-03 21:45:50,658 - Fota测试 - INFO - function:enter_sort_interface:进入settings
2021-03-03 21:45:52,437 - Fota测试 - INFO - function:enter_sort_interface:进入Display options
2021-03-03 21:45:54,240 - Fota测试 - INFO - function:enter_sort_interface:进入Sort by界面
2021-03-03 21:46:00,285 - Fota测试 - INFO - APP关闭完成
2021-03-03 21:46:00,291 - Fota测试 - INFO - 当前case测试结束，执行关闭APP操作：
2021-03-03 21:46:00,293 - Fota测试 - INFO - function:call:拨打电话给:10086:
2021-03-03 21:46:05,259 - Fota测试 - INFO - 当前界面为主界面
2021-03-03 21:46:05,265 - Fota测试 - INFO - 当前case测试结束，执行关闭APP操作：
2021-03-03 21:46:08,388 - Fota测试 - INFO - function:send_message:创建并发送短信,number:18575211714,content:Test:
2021-03-03 21:46:13,468 - Fota测试 - INFO - function:send_message:短信发送成功:
2021-03-03 21:46:13,784 - Fota测试 - INFO - APP关闭完成
2021-03-03 21:46:13,790 - Fota测试 - INFO - 当前case测试结束，执行关闭APP操作：
2021-03-03 21:46:16,880 - Fota测试 - INFO - function:enter_messaging_settings:进入Messaging Settings菜单:
2021-03-03 21:46:20,007 - Fota测试 - INFO - APP关闭完成
2021-03-03 21:46:20,014 - Fota测试 - INFO - 当前case测试结束，执行关闭APP操作：
2021-03-03 21:46:20,130 - Fota测试 - INFO - 当前界面为主界面
