2021-04-01 10:32:24,996 - Fota测试 - WARNING - function:data_dealcom.tct.gdpr 无需进行授权!
2021-04-01 10:32:25,140 - Fota测试 - WARNING - function:data_dealcom.tct.iris 无需进行授权!
2021-04-01 10:32:25,220 - Fota测试 - WARNING - function:data_dealcom.swfp.factory 无需进行授权!
2021-04-01 10:32:25,328 - Fota测试 - WARNING - function:data_dealcom.google.android.networkstack.tethering 无需进行授权!
2021-04-01 10:32:25,936 - Fota测试 - WARNING - function:data_dealcom.mobisystems.office 无需进行授权!
2021-04-01 10:32:26,170 - Fota测试 - WARNING - function:data_dealcom.android.cts.priv.ctsshim 无需进行授权!
2021-04-01 10:32:26,355 - Fota测试 - WARNING - function:data_dealcom.google.android.youtube 无需进行授权!
2021-04-01 10:32:26,532 - Fota测试 - WARNING - function:data_dealcom.tct.music 无需进行授权!
2021-04-01 10:32:26,672 - Fota测试 - WARNING - function:data_dealcom.tct.phone 无需进行授权!
2021-04-01 10:32:26,739 - Fota测试 - WARNING - function:data_dealcom.android.internal.display.cutout.emulation.corner 无需进行授权!
2021-04-01 10:32:26,815 - Fota测试 - WARNING - function:data_dealcom.google.android.ext.services 无需进行授权!
2021-04-01 10:32:26,879 - Fota测试 - WARNING - function:data_dealcom.android.internal.display.cutout.emulation.double 无需进行授权!
2021-04-01 10:32:26,957 - Fota测试 - WARNING - function:data_dealcom.android.providers.telephony 无需进行授权!
2021-04-01 10:32:27,043 - Fota测试 - WARNING - function:data_dealcom.android.dynsystem 无需进行授权!
2021-04-01 10:32:27,100 - Fota测试 - WARNING - function:data_dealcom.android.theme.icon.pebble 无需进行授权!
2021-04-01 10:32:27,317 - Fota测试 - WARNING - function:data_dealcom.google.android.googlequicksearchbox 无需进行授权!
2021-04-01 10:32:27,390 - Fota测试 - WARNING - function:data_dealcom.google.android.cellbroadcastservice 无需进行授权!
2021-04-01 10:32:27,600 - Fota测试 - WARNING - function:data_dealcom.tcl.tct.filemanager 无需进行授权!
2021-04-01 10:32:27,678 - Fota测试 - WARNING - function:data_dealcom.android.providers.calendar 无需进行授权!
2021-04-01 10:32:27,822 - Fota测试 - WARNING - function:data_dealcom.google.android.apps.googleassistant 无需进行授权!
2021-04-01 10:32:27,895 - Fota测试 - WARNING - function:data_dealcom.android.providers.media 无需进行授权!
2021-04-01 10:32:27,976 - Fota测试 - WARNING - function:data_dealcom.qti.service.colorservice 无需进行授权!
2021-04-01 10:32:28,190 - Fota测试 - WARNING - function:data_dealcom.qiyi.video 无需进行授权!
2021-04-01 10:32:28,260 - Fota测试 - WARNING - function:data_dealcom.google.android.onetimeinitializer 无需进行授权!
2021-04-01 10:32:28,333 - Fota测试 - WARNING - function:data_dealcom.google.android.ext.shared 无需进行授权!
2021-04-01 10:32:28,403 - Fota测试 - WARNING - function:data_dealcom.android.internal.systemui.navbar.gestural_wide_back 无需进行授权!
2021-04-01 10:32:28,542 - Fota测试 - WARNING - function:data_dealcom.tct.smart.aota 无需进行授权!
2021-04-01 10:32:28,634 - Fota测试 - WARNING - function:data_dealcom.tct.smart.push 无需进行授权!
2021-04-01 10:32:28,790 - Fota测试 - WARNING - function:data_dealcom.qualcomm.qti.simcontacts 无需进行授权!
2021-04-01 10:32:28,961 - Fota测试 - WARNING - function:data_dealcom.sohu.inputmethod.sogou 无需进行授权!
2021-04-01 10:32:29,044 - Fota测试 - WARNING - function:data_dealcom.android.wallpapercropper 无需进行授权!
2021-04-01 10:32:29,105 - Fota测试 - WARNING - function:data_dealcom.android.theme.icon.vessel 无需进行授权!
2021-04-01 10:32:29,167 - Fota测试 - WARNING - function:data_dealcom.android.theme.color.cinnamon 无需进行授权!
2021-04-01 10:32:29,357 - Fota测试 - WARNING - function:data_dealcom.tcl.fmradio 无需进行授权!
2021-04-01 10:32:29,482 - Fota测试 - WARNING - function:data_dealcom.tct.phone.rro_brand 无需进行授权!
2021-04-01 10:32:29,547 - Fota测试 - WARNING - function:data_dealcom.android.theme.icon_pack.rounded.systemui 无需进行授权!
2021-04-01 10:32:29,615 - Fota测试 - WARNING - function:data_dealcom.android.theme.icon.taperedrect 无需进行授权!
2021-04-01 10:32:29,681 - Fota测试 - WARNING - function:data_dealcom.focaltech.fingerprint 无需进行授权!
2021-04-01 10:32:29,870 - Fota测试 - WARNING - function:data_dealcom.tencent.qqmusic 无需进行授权!
2021-04-01 10:32:29,955 - Fota测试 - WARNING - function:data_dealcom.tct.simplelauncher 无需进行授权!
2021-04-01 10:32:30,032 - Fota测试 - WARNING - function:data_dealcom.android.externalstorage 无需进行授权!
2021-04-01 10:32:30,099 - Fota测试 - WARNING - function:data_dealcom.qualcomm.uimremoteclient 无需进行授权!
2021-04-01 10:32:30,167 - Fota测试 - WARNING - function:data_dealcom.android.htmlviewer 无需进行授权!
2021-04-01 10:32:30,351 - Fota测试 - WARNING - function:data_dealcom.whatsapp 无需进行授权!
2021-04-01 10:32:30,416 - Fota测试 - WARNING - function:data_dealcom.android.companiondevicemanager 无需进行授权!
2021-04-01 10:32:30,493 - Fota测试 - WARNING - function:data_dealcom.android.mms.service 无需进行授权!
2021-04-01 10:32:30,637 - Fota测试 - WARNING - function:data_dealcom.tct.smart.community 无需进行授权!
2021-04-01 10:32:30,714 - Fota测试 - WARNING - function:data_dealcom.android.providers.downloads 无需进行授权!
2021-04-01 10:32:30,876 - Fota测试 - WARNING - function:data_dealcom.tct.onetouchbooster 无需进行授权!
2021-04-01 10:32:30,969 - Fota测试 - WARNING - function:data_dealcom.github.uiautomator.test 无需进行授权!
2021-04-01 10:32:31,159 - Fota测试 - WARNING - function:data_dealcom.google.android.apps.messaging 无需进行授权!
2021-04-01 10:32:31,241 - Fota测试 - WARNING - function:data_dealcom.tct.secretCode 无需进行授权!
2021-04-01 10:32:31,314 - Fota测试 - WARNING - function:data_dealcom.android.theme.icon_pack.rounded.android 无需进行授权!
2021-04-01 10:32:31,373 - Fota测试 - WARNING - function:data_dealandroid.rro_brand 无需进行授权!
2021-04-01 10:32:31,460 - Fota测试 - WARNING - function:data_dealvendor.qti.hardware.cacert.server 无需进行授权!
2021-04-01 10:32:31,541 - Fota测试 - WARNING - function:data_dealcom.tcl.compass.a_overlay 无需进行授权!
2021-04-01 10:32:31,636 - Fota测试 - WARNING - function:data_dealcom.arcsoft.aftersalecalitool 无需进行授权!
2021-04-01 10:32:31,792 - Fota测试 - WARNING - function:data_dealcom.tct.smart.fileshare 无需进行授权!
2021-04-01 10:32:31,880 - Fota测试 - WARNING - function:data_dealcom.netflix.partner.activation 无需进行授权!
2021-04-01 10:32:31,952 - Fota测试 - WARNING - function:data_dealcom.jrdcom.Elabel.overlay_T671F 无需进行授权!
2021-04-01 10:32:32,024 - Fota测试 - WARNING - function:data_dealcom.qualcomm.qti.telephonyservice 无需进行授权!
2021-04-01 10:32:32,086 - Fota测试 - WARNING - function:data_dealcom.qualcomm.qti.performancemode 无需进行授权!
2021-04-01 10:32:32,153 - Fota测试 - WARNING - function:data_dealcom.google.android.overlay.modules.permissioncontroller.tctui.cts 无需进行授权!
2021-04-01 10:32:32,224 - Fota测试 - WARNING - function:data_dealcom.android.theme.icon_pack.circular.themepicker 无需进行授权!
2021-04-01 10:32:32,293 - Fota测试 - WARNING - function:data_dealvendor.qti.iwlan 无需进行授权!
2021-04-01 10:32:32,366 - Fota测试 - WARNING - function:data_dealcom.google.android.configupdater 无需进行授权!
2021-04-01 10:32:32,453 - Fota测试 - WARNING - function:data_dealcom.google.android.providers.media.module 无需进行授权!
2021-04-01 10:32:32,538 - Fota测试 - WARNING - function:data_dealcom.google.android.overlay.modules.permissioncontroller 无需进行授权!
2021-04-01 10:32:32,612 - Fota测试 - WARNING - function:data_dealcom.tcl.TctRFM 无需进行授权!
2021-04-01 10:32:32,687 - Fota测试 - WARNING - function:data_dealcom.qualcomm.uimremoteserver 无需进行授权!
2021-04-01 10:32:32,762 - Fota测试 - WARNING - function:data_dealcom.android.providers.tctdatahubprovider 无需进行授权!
2021-04-01 10:32:32,838 - Fota测试 - WARNING - function:data_dealcom.qti.confuridialer 无需进行授权!
2021-04-01 10:32:33,001 - Fota测试 - WARNING - function:data_dealcom.tcl.android.launcher 无需进行授权!
2021-04-01 10:32:33,094 - Fota测试 - WARNING - function:data_dealcom.android.systemui.plugin.globalactions.wallet 无需进行授权!
2021-04-01 10:32:33,170 - Fota测试 - WARNING - function:data_dealcom.tct.simplelauncher.a_overlay 无需进行授权!
2021-04-01 10:32:33,234 - Fota测试 - WARNING - function:data_dealcom.tcl.logger.a_overlay 无需进行授权!
2021-04-01 10:32:33,307 - Fota测试 - WARNING - function:data_dealcom.android.providers.downloads.ui 无需进行授权!
2021-04-01 10:32:33,488 - Fota测试 - WARNING - function:data_dealcom.android.vending 无需进行授权!
2021-04-01 10:32:33,567 - Fota测试 - WARNING - function:data_dealcom.android.pacprocessor 无需进行授权!
2021-04-01 10:32:33,650 - Fota测试 - WARNING - function:data_dealcom.android.simappdialog 无需进行授权!
2021-04-01 10:32:33,879 - Fota测试 - WARNING - function:data_dealcom.arcsoft.arcsoftverifytool 无需进行授权!
2021-04-01 10:32:33,962 - Fota测试 - WARNING - function:data_dealandroid.overlay.common 无需进行授权!
2021-04-01 10:32:34,058 - Fota测试 - WARNING - function:data_dealcom.jrdcom.mtf 无需进行授权!
2021-04-01 10:32:34,280 - Fota测试 - WARNING - function:data_dealcom.tencent.mm 无需进行授权!
2021-04-01 10:32:34,349 - Fota测试 - WARNING - function:data_dealcom.android.internal.display.cutout.emulation.hole 无需进行授权!
2021-04-01 10:32:34,415 - Fota测试 - WARNING - function:data_dealcom.android.internal.display.cutout.emulation.tall 无需进行授权!
2021-04-01 10:32:34,499 - Fota测试 - WARNING - function:data_dealcom.android.certinstaller 无需进行授权!
2021-04-01 10:32:34,649 - Fota测试 - WARNING - function:data_dealcom.tcl.tct.weather 无需进行授权!
2021-04-01 10:32:34,722 - Fota测试 - WARNING - function:data_dealcom.android.theme.color.black 无需进行授权!
2021-04-01 10:32:34,798 - Fota测试 - WARNING - function:data_dealcom.android.carrierconfig 无需进行授权!
2021-04-01 10:32:34,886 - Fota测试 - WARNING - function:data_dealcom.google.android.marvin.talkback 无需进行授权!
2021-04-01 10:32:34,955 - Fota测试 - WARNING - function:data_dealcom.android.theme.color.green 无需进行授权!
2021-04-01 10:32:35,022 - Fota测试 - WARNING - function:data_dealcom.android.theme.color.ocean 无需进行授权!
2021-04-01 10:32:35,195 - Fota测试 - WARNING - function:data_dealcom.sand.airdroid 无需进行授权!
2021-04-01 10:32:35,258 - Fota测试 - WARNING - function:data_dealcom.android.theme.color.space 无需进行授权!
2021-04-01 10:32:35,314 - Fota测试 - WARNING - function:data_dealcom.android.internal.systemui.navbar.threebutton 无需进行授权!
2021-04-01 10:32:35,394 - Fota测试 - WARNING - function:data_dealcom.google.android.apps.work.oobconfig 无需进行授权!
2021-04-01 10:32:35,471 - Fota测试 - WARNING - function:data_dealcom.qti.qualcomm.datastatusnotification 无需进行授权!
2021-04-01 10:32:35,565 - Fota测试 - WARNING - function:data_dealandroid 无需进行授权!
2021-04-01 10:32:35,733 - Fota测试 - WARNING - function:data_dealcom.tcl.fota.system 无需进行授权!
2021-04-01 10:32:35,818 - Fota测试 - WARNING - function:data_dealjp.co.cyberagent.stf.rotationwatcher 无需进行授权!
2021-04-01 10:32:35,974 - Fota测试 - WARNING - function:data_dealcom.tct.smart.notes 无需进行授权!
2021-04-01 10:32:36,067 - Fota测试 - WARNING - function:data_dealcom.tct.smart.tlink 无需进行授权!
2021-04-01 10:32:36,134 - Fota测试 - WARNING - function:data_dealcom.android.phone.rro_vendor 无需进行授权!
2021-04-01 10:32:36,202 - Fota测试 - WARNING - function:data_dealcom.qualcomm.wfd.service 无需进行授权!
2021-04-01 10:32:36,297 - Fota测试 - WARNING - function:data_dealcom.tct.smart.lostmode 无需进行授权!
2021-04-01 10:32:36,471 - Fota测试 - WARNING - function:data_dealcom.tct.smart.switchphone 无需进行授权!
2021-04-01 10:32:36,546 - Fota测试 - WARNING - function:data_dealcom.android.providers.settings.rro_common 无需进行授权!
2021-04-01 10:32:36,614 - Fota测试 - WARNING - function:data_dealcom.android.theme.icon_pack.rounded.launcher 无需进行授权!
2021-04-01 10:32:36,691 - Fota测试 - WARNING - function:data_dealcom.qti.qualcomm.deviceinfo 无需进行授权!
2021-04-01 10:32:36,773 - Fota测试 - WARNING - function:data_dealcom.tct.cellular.arda 无需进行授权!
2021-04-01 10:32:36,864 - Fota测试 - WARNING - function:data_dealcom.tct.systemservice 无需进行授权!
2021-04-01 10:32:37,035 - Fota测试 - WARNING - function:data_dealcom.tcl.tct.soundrecorder 无需进行授权!
2021-04-01 10:32:37,117 - Fota测试 - WARNING - function:data_dealcom.jrdcom.Elabel.a_overlay 无需进行授权!
2021-04-01 10:32:37,296 - Fota测试 - WARNING - function:data_dealcom.tcl.camera 无需进行授权!
2021-04-01 10:32:37,363 - Fota测试 - WARNING - function:data_dealcom.android.egg 无需进行授权!
2021-04-01 10:32:37,463 - Fota测试 - WARNING - function:data_dealcom.android.mtp 无需进行授权!
2021-04-01 10:32:37,564 - Fota测试 - WARNING - function:data_dealcom.android.nfc 无需进行授权!
2021-04-01 10:32:37,652 - Fota测试 - WARNING - function:data_dealcom.android.ons 无需进行授权!
2021-04-01 10:32:37,824 - Fota测试 - WARNING - function:data_dealcom.android.stk 无需进行授权!
2021-04-01 10:32:37,908 - Fota测试 - WARNING - function:data_dealcom.tct.wfcwebiew 无需进行授权!
2021-04-01 10:32:37,995 - Fota测试 - WARNING - function:data_dealcom.android.backupconfirm 无需进行授权!
2021-04-01 10:32:38,072 - Fota测试 - WARNING - function:data_dealcom.tcl.camera.a_overlay 无需进行授权!
2021-04-01 10:32:38,272 - Fota测试 - WARNING - function:data_dealcom.tcl.screenshotex 无需进行授权!
2021-04-01 10:32:38,355 - Fota测试 - WARNING - function:data_dealorg.codeaurora.ims 无需进行授权!
2021-04-01 10:32:38,434 - Fota测试 - WARNING - function:data_dealcom.android.statementservice 无需进行授权!
2021-04-01 10:32:38,526 - Fota测试 - WARNING - function:data_dealcom.tcl.token 无需进行授权!
2021-04-01 10:32:38,724 - Fota测试 - WARNING - function:data_dealcom.google.android.gm 无需进行授权!
2021-04-01 10:32:38,926 - Fota测试 - WARNING - function:data_dealcom.google.android.apps.tachyon 无需进行授权!
2021-04-01 10:32:39,004 - Fota测试 - WARNING - function:data_dealcom.google.android.overlay.gmsconfig.common 无需进行授权!
2021-04-01 10:32:39,095 - Fota测试 - WARNING - function:data_dealcom.android.settings.intelligence 无需进行授权!
2021-04-01 10:32:39,191 - Fota测试 - WARNING - function:data_dealcom.tct.sidebar 无需进行授权!
2021-04-01 10:32:39,466 - Fota测试 - WARNING - function:data_dealcom.tcl.logger 无需进行授权!
2021-04-01 10:32:39,536 - Fota测试 - WARNING - function:data_dealcom.android.internal.systemui.navbar.gestural_extra_wide_back 无需进行授权!
2021-04-01 10:32:39,603 - Fota测试 - WARNING - function:data_dealcom.android.overlay.modules.permissioncontroller.tctui.cts 无需进行授权!
2021-04-01 10:32:39,686 - Fota测试 - WARNING - function:data_dealcom.google.android.permissioncontroller 无需进行授权!
2021-04-01 10:32:39,755 - Fota测试 - WARNING - function:data_dealcom.qualcomm.qti.dynamicddsservice 无需进行授权!
2021-04-01 10:32:39,856 - Fota测试 - WARNING - function:data_dealcom.google.android.setupwizard 无需进行授权!
2021-04-01 10:32:39,990 - Fota测试 - WARNING - function:data_dealcom.sticktoit 无需进行授权!
2021-04-01 10:32:40,057 - Fota测试 - WARNING - function:data_dealcom.tct.smart.nps 无需进行授权!
2021-04-01 10:32:40,120 - Fota测试 - WARNING - function:data_dealcom.tcl.entitlement 无需进行授权!
2021-04-01 10:32:40,181 - Fota测试 - WARNING - function:data_dealcom.qualcomm.qcrilmsgtunnel 无需进行授权!
2021-04-01 10:32:40,333 - Fota测试 - WARNING - function:data_dealcom.tcl.usercare 无需进行授权!
2021-04-01 10:32:40,444 - Fota测试 - WARNING - function:data_dealcom.android.providers.settings 无需进行授权!
2021-04-01 10:32:40,499 - Fota测试 - WARNING - function:data_dealcom.android.providers.settings.rro_product 无需进行授权!
2021-04-01 10:32:40,591 - Fota测试 - WARNING - function:data_dealcom.android.sharedstoragebackup 无需进行授权!
2021-04-01 10:32:40,667 - Fota测试 - WARNING - function:data_dealcom.facebook.services 无需进行授权!
2021-04-01 10:32:40,754 - Fota测试 - WARNING - function:data_dealcom.android.printspooler 无需进行授权!
2021-04-01 10:32:40,824 - Fota测试 - WARNING - function:data_dealcom.android.providers.settings.rro_vendor 无需进行授权!
2021-04-01 10:32:40,886 - Fota测试 - WARNING - function:data_dealcom.qualcomm.qti.services.systemhelper 无需进行授权!
2021-04-01 10:32:40,970 - Fota测试 - WARNING - function:data_dealcom.android.theme.icon_pack.filled.settings 无需进行授权!
2021-04-01 10:32:41,058 - Fota测试 - WARNING - function:data_dealcom.android.wifi.resources.overlay.common 无需进行授权!
2021-04-01 10:32:41,154 - Fota测试 - WARNING - function:data_dealcom.android.dreams.basic 无需进行授权!
2021-04-01 10:32:41,234 - Fota测试 - WARNING - function:data_dealcom.android.mmitest 无需进行授权!
2021-04-01 10:32:41,389 - Fota测试 - WARNING - function:data_dealcom.creativelab.impulse 无需进行授权!
2021-04-01 10:32:41,480 - Fota测试 - WARNING - function:data_dealcom.tct.aio 无需进行授权!
2021-04-01 10:32:41,561 - Fota测试 - WARNING - function:data_dealcom.google.android.overlay.modules.ext.services 无需进行授权!
2021-04-01 10:32:41,658 - Fota测试 - WARNING - function:data_dealcom.android.se 无需进行授权!
2021-04-01 10:32:41,748 - Fota测试 - WARNING - function:data_dealcom.android.inputdevices 无需进行授权!
2021-04-01 10:32:41,948 - Fota测试 - WARNING - function:data_dealcom.google.android.apps.wellbeing 无需进行授权!
2021-04-01 10:32:42,026 - Fota测试 - WARNING - function:data_dealcom.google.android.overlay.gmsconfig.photos 无需进行授权!
2021-04-01 10:32:42,179 - Fota测试 - WARNING - function:data_dealcom.google.android.dialer 无需进行授权!
2021-04-01 10:32:42,258 - Fota测试 - WARNING - function:data_dealcom.android.bips 无需进行授权!
2021-04-01 10:32:42,348 - Fota测试 - WARNING - function:data_dealcom.qti.dpmserviceapp 无需进行授权!
2021-04-01 10:32:42,526 - Fota测试 - WARNING - function:data_dealcom.tcl.android.video 无需进行授权!
2021-04-01 10:32:42,637 - Fota测试 - WARNING - function:data_dealcom.google.android.captiveportallogin 无需进行授权!
2021-04-01 10:32:42,689 - Fota测试 - WARNING - function:data_dealcom.android.theme.icon_pack.circular.settings 无需进行授权!
2021-04-01 10:32:42,838 - Fota测试 - WARNING - function:data_dealcom.tcl.compass 无需进行授权!
2021-04-01 10:32:42,927 - Fota测试 - WARNING - function:data_dealcom.google.android.overlay.gmsconfig.comms 无需进行授权!
2021-04-01 10:32:43,015 - Fota测试 - WARNING - function:data_dealcom.tcl.android.launchertheme.res 无需进行授权!
2021-04-01 10:32:43,113 - Fota测试 - WARNING - function:data_dealcom.qti.xdivert 无需进行授权!
2021-04-01 10:32:43,191 - Fota测试 - WARNING - function:data_dealcom.android.musicfx 无需进行授权!
2021-04-01 10:32:43,393 - Fota测试 - WARNING - function:data_dealcom.google.android.apps.maps 无需进行授权!
2021-04-01 10:32:43,460 - Fota测试 - WARNING - function:data_dealcom.google.android.modulemetadata 无需进行授权!
2021-04-01 10:32:43,557 - Fota测试 - WARNING - function:data_dealcom.android.cellbroadcastreceiver 无需进行授权!
2021-04-01 10:32:43,662 - Fota测试 - WARNING - function:data_dealcom.google.android.webview 无需进行授权!
2021-04-01 10:32:43,742 - Fota测试 - WARNING - function:data_dealcom.android.theme.icon.teardrop 无需进行授权!
2021-04-01 10:32:43,815 - Fota测试 - WARNING - function:data_dealcom.google.android.overlay.modules.documentsui 无需进行授权!
2021-04-01 10:32:43,912 - Fota测试 - WARNING - function:data_dealcom.android.gallery3d.refocus 无需进行授权!
2021-04-01 10:32:44,009 - Fota测试 - WARNING - function:data_dealcom.google.android.networkstack 无需进行授权!
2021-04-01 10:32:44,192 - Fota测试 - WARNING - function:data_dealcom.google.android.contacts 无需进行授权!
2021-04-01 10:32:44,294 - Fota测试 - WARNING - function:data_dealcom.android.server.telecom 无需进行授权!
2021-04-01 10:32:44,388 - Fota测试 - WARNING - function:data_dealcom.google.android.syncadapters.contacts 无需进行授权!
2021-04-01 10:32:44,507 - Fota测试 - WARNING - function:data_dealcom.tct.setupwizard 无需进行授权!
2021-04-01 10:32:44,582 - Fota测试 - WARNING - function:data_dealcom.android.theme.icon_pack.rounded.themepicker 无需进行授权!
2021-04-01 10:32:44,668 - Fota测试 - WARNING - function:data_dealcom.android.keychain 无需进行授权!
2021-04-01 10:32:44,759 - Fota测试 - WARNING - function:data_dealcom.android.wifi.resources.overlay.target 无需进行授权!
2021-04-01 10:32:45,017 - Fota测试 - WARNING - function:data_dealcom.android.chrome 无需进行授权!
2021-04-01 10:32:45,075 - Fota测试 - WARNING - function:data_dealcom.google.android.cellbroadcastreceiver.rro_common 无需进行授权!
2021-04-01 10:32:45,134 - Fota测试 - WARNING - function:data_dealcom.android.theme.icon_pack.filled.systemui 无需进行授权!
2021-04-01 10:32:45,219 - Fota测试 - WARNING - function:data_dealcom.google.android.packageinstaller 无需进行授权!
2021-04-01 10:32:45,569 - Fota测试 - WARNING - function:data_dealcom.google.android.gms 无需进行授权!
2021-04-01 10:32:45,657 - Fota测试 - WARNING - function:data_dealcom.google.android.gsf 无需进行授权!
2021-04-01 10:32:45,767 - Fota测试 - WARNING - function:data_dealcom.google.android.ims 无需进行授权!
2021-04-01 10:32:45,854 - Fota测试 - WARNING - function:data_dealcom.google.android.tag 无需进行授权!
2021-04-01 10:32:45,962 - Fota测试 - WARNING - function:data_dealcom.google.android.tts 无需进行授权!
2021-04-01 10:32:46,044 - Fota测试 - WARNING - function:data_dealcom.android.wifi.resources 无需进行授权!
2021-04-01 10:32:46,132 - Fota测试 - WARNING - function:data_dealcom.maxelus.vortexgalaxylivewallpaper 无需进行授权!
2021-04-01 10:32:46,216 - Fota测试 - WARNING - function:data_dealcom.google.android.gmsintegration 无需进行授权!
2021-04-01 10:32:46,306 - Fota测试 - WARNING - function:data_dealandroid.rro_vendor 无需进行授权!
2021-04-01 10:32:46,487 - Fota测试 - WARNING - function:data_dealcom.google.android.apps.walletnfcrel 无需进行授权!
2021-04-01 10:32:46,575 - Fota测试 - WARNING - function:data_dealcom.android.calllogbackup 无需进行授权!
2021-04-01 10:32:46,649 - Fota测试 - WARNING - function:data_dealcom.google.android.partnersetup 无需进行授权!
2021-04-01 10:32:46,718 - Fota测试 - WARNING - function:data_dealcom.android.systemui.overlay.common 无需进行授权!
2021-04-01 10:32:46,818 - Fota测试 - WARNING - function:data_dealcom.tcl.keyguardshortcut 无需进行授权!
2021-04-01 10:32:46,909 - Fota测试 - WARNING - function:data_dealcom.android.localtransport 无需进行授权!
2021-04-01 10:32:47,069 - Fota测试 - WARNING - function:data_dealcom.getech.teamwork 无需进行授权!
2021-04-01 10:32:47,145 - Fota测试 - WARNING - function:data_dealcom.google.android.overlay.gmsconfig.gsa 无需进行授权!
2021-04-01 10:32:47,245 - Fota测试 - WARNING - function:data_dealcom.android.carrierdefaultapp 无需进行授权!
2021-04-01 10:32:47,311 - Fota测试 - WARNING - function:data_dealcom.android.carrierconfig.rro_product 无需进行授权!
2021-04-01 10:32:47,385 - Fota测试 - WARNING - function:data_dealcom.qualcomm.qti.remoteSimlockAuth 无需进行授权!
2021-04-01 10:32:47,481 - Fota测试 - WARNING - function:data_dealcom.qualcomm.qti.devicestatisticsservice 无需进行授权!
2021-04-01 10:32:47,575 - Fota测试 - WARNING - function:data_dealcom.tct.dialer.a_overlay 无需进行授权!
2021-04-01 10:32:47,847 - Fota测试 - WARNING - function:data_dealcom.kugou.android 无需进行授权!
2021-04-01 10:32:47,927 - Fota测试 - WARNING - function:data_dealcom.android.theme.font.notoserifsource 无需进行授权!
2021-04-01 10:32:48,004 - Fota测试 - WARNING - function:data_dealcom.android.theme.icon_pack.filled.android 无需进行授权!
2021-04-01 10:32:48,085 - Fota测试 - WARNING - function:data_dealcom.android.proxyhandler 无需进行授权!
2021-04-01 10:32:48,159 - Fota测试 - WARNING - function:data_dealcom.android.internal.display.cutout.emulation.waterfall 无需进行授权!
2021-04-01 10:32:48,225 - Fota测试 - WARNING - function:data_dealcom.tcl.android.launcher.overlay_Austin 无需进行授权!
2021-04-01 10:32:48,385 - Fota测试 - WARNING - function:data_dealcom.netflix.mediaclient 无需进行授权!
2021-04-01 10:32:48,455 - Fota测试 - WARNING - function:data_dealcom.android.theme.icon_pack.circular.systemui 无需进行授权!
2021-04-01 10:32:48,655 - Fota测试 - WARNING - function:data_dealcom.tct.retaildemo 无需进行授权!
2021-04-01 10:32:48,770 - Fota测试 - WARNING - function:data_dealcom.tcl.faceunlock 无需进行授权!
2021-04-01 10:32:48,837 - Fota测试 - WARNING - function:data_dealcom.google.android.overlay.modules.permissioncontroller.forframework 无需进行授权!
2021-04-01 10:32:48,940 - Fota测试 - WARNING - function:data_dealcom.google.android.feedback 无需进行授权!
2021-04-01 10:32:49,038 - Fota测试 - WARNING - function:data_dealcom.google.android.printservice.recommendation 无需进行授权!
2021-04-01 10:32:49,233 - Fota测试 - WARNING - function:data_dealcom.google.android.apps.photos 无需进行授权!
2021-04-01 10:32:49,410 - Fota测试 - WARNING - function:data_dealcom.google.android.calendar 无需进行授权!
2021-04-01 10:32:49,518 - Fota测试 - WARNING - function:data_dealcom.android.managedprovisioning 无需进行授权!
2021-04-01 10:32:49,601 - Fota测试 - WARNING - function:data_dealcom.tct.contacts.transfer.a_overlay 无需进行授权!
2021-04-01 10:32:49,697 - Fota测试 - WARNING - function:data_dealcom.android.soundpicker 无需进行授权!
2021-04-01 10:32:49,870 - Fota测试 - WARNING - function:data_dealcom.google.android.documentsui 无需进行授权!
2021-04-01 10:32:49,951 - Fota测试 - WARNING - function:data_dealcom.google.mainline.telemetry 无需进行授权!
2021-04-01 10:32:50,144 - Fota测试 - WARNING - function:data_dealcom.tct.multipleuser 无需进行授权!
2021-04-01 10:32:50,298 - Fota测试 - WARNING - function:data_dealcom.facebook.katana 无需进行授权!
2021-04-01 10:32:50,388 - Fota测试 - WARNING - function:data_dealcom.tct.diagprotector 无需进行授权!
2021-04-01 10:32:50,488 - Fota测试 - WARNING - function:data_dealcom.jrdcom.Elabel 无需进行授权!
2021-04-01 10:32:50,575 - Fota测试 - WARNING - function:data_dealcom.tcl.android.launcher.a_overlay 无需进行授权!
2021-04-01 10:32:50,754 - Fota测试 - WARNING - function:data_dealcom.tcl.demopage 无需进行授权!
2021-04-01 10:32:50,843 - Fota测试 - WARNING - function:data_dealcom.android.providers.partnerbookmarks 无需进行授权!
2021-04-01 10:32:51,032 - Fota测试 - WARNING - function:data_dealcom.tcl.tct.calculator 无需进行授权!
2021-04-01 10:32:51,118 - Fota测试 - WARNING - function:data_dealcom.arcsoft.arcsoftcalibrationtool 无需进行授权!
2021-04-01 10:32:51,202 - Fota测试 - WARNING - function:data_dealcom.android.wallpaper.livepicker 无需进行授权!
2021-04-01 10:32:51,341 - Fota测试 - WARNING - function:data_dealcom.netease.open.pocoservice 无需进行授权!
2021-04-01 10:32:51,511 - Fota测试 - WARNING - function:data_dealcom.tct.gamemode 无需进行授权!
2021-04-01 10:32:51,599 - Fota测试 - WARNING - function:data_dealcom.tct 无需进行授权!
2021-04-01 10:32:51,679 - Fota测试 - WARNING - function:data_dealcom.tct.applock 无需进行授权!
2021-04-01 10:32:51,766 - Fota测试 - WARNING - function:data_dealcom.facebook.system 无需进行授权!
2021-04-01 10:32:51,979 - Fota测试 - WARNING - function:data_dealcom.tclhz.gallery 无需进行授权!
2021-04-01 10:32:52,140 - Fota测试 - WARNING - function:data_dealjackpal.androidterm 无需进行授权!
2021-04-01 10:32:52,222 - Fota测试 - WARNING - function:data_dealcom.tctui 无需进行授权!
2021-04-01 10:32:52,292 - Fota测试 - WARNING - function:data_dealcom.android.theme.icon.squircle 无需进行授权!
2021-04-01 10:32:52,391 - Fota测试 - WARNING - function:data_dealcom.tct.batterywarning 无需进行授权!
2021-04-01 10:32:52,471 - Fota测试 - WARNING - function:data_dealcom.android.server.telecom.rro_common 无需进行授权!
2021-04-01 10:32:52,560 - Fota测试 - WARNING - function:data_dealcom.google.android.networkstack.permissionconfig 无需进行授权!
2021-04-01 10:32:52,680 - Fota测试 - WARNING - function:data_dealcom.android.storagemanager 无需进行授权!
2021-04-01 10:32:52,767 - Fota测试 - WARNING - function:data_dealcom.android.bookmarkprovider 无需进行授权!
2021-04-01 10:32:53,063 - Fota测试 - WARNING - function:data_dealcom.android.settings 无需进行授权!
2021-04-01 10:32:53,160 - Fota测试 - WARNING - function:data_dealcom.qualcomm.qti.cne 无需进行授权!
2021-04-01 10:32:53,243 - Fota测试 - WARNING - function:data_dealcom.qualcomm.qti.ims 无需进行授权!
2021-04-01 10:32:53,335 - Fota测试 - WARNING - function:data_dealcom.qualcomm.qti.lpa 无需进行授权!
2021-04-01 10:32:53,420 - Fota测试 - WARNING - function:data_dealcom.qualcomm.qti.uim 无需进行授权!
2021-04-01 10:32:53,494 - Fota测试 - WARNING - function:data_dealcom.android.theme.icon_pack.filled.launcher 无需进行授权!
2021-04-01 10:32:53,595 - Fota测试 - WARNING - function:data_dealcom.android.otaprovisioningclient 无需进行授权!
2021-04-01 10:32:53,782 - Fota测试 - WARNING - function:data_dealcom.google.android.projection.gearhead 无需进行授权!
2021-04-01 10:32:53,857 - Fota测试 - WARNING - function:data_dealcom.qualcomm.location 无需进行授权!
2021-04-01 10:32:53,931 - Fota测试 - WARNING - function:data_dealcom.android.cts.ctsshim 无需进行授权!
2021-04-01 10:32:54,007 - Fota测试 - WARNING - function:data_dealcom.tclhz.gallery.a_overlay 无需进行授权!
2021-04-01 10:32:54,088 - Fota测试 - WARNING - function:data_dealcom.google.android.overlay.modules.modulemetadata.forframework 无需进行授权!
2021-04-01 10:32:54,179 - Fota测试 - WARNING - function:data_dealcom.netease.open.pocoservice.test 无需进行授权!
2021-04-01 10:32:54,275 - Fota测试 - WARNING - function:data_dealcom.android.phone.overlay_T671F 无需进行授权!
2021-04-01 10:32:54,361 - Fota测试 - WARNING - function:data_dealcom.tct.tctsmartapprecommend 无需进行授权!
2021-04-01 10:32:54,439 - Fota测试 - WARNING - function:data_dealcom.android.theme.icon_pack.circular.launcher 无需进行授权!
2021-04-01 10:32:54,535 - Fota测试 - WARNING - function:data_dealcom.qualcomm.qti.uimGbaApp 无需进行授权!
2021-04-01 10:32:54,634 - Fota测试 - WARNING - function:data_dealcom.tct.android.secureinput 无需进行授权!
2021-04-01 10:32:54,722 - Fota测试 - WARNING - function:data_dealcom.qualcomm.qti.services.secureui 无需进行授权!
2021-04-01 10:32:54,831 - Fota测试 - WARNING - function:data_dealcom.tct.privatespace 无需进行授权!
2021-04-01 10:32:54,909 - Fota测试 - WARNING - function:data_dealcom.android.vpndialogs 无需进行授权!
2021-04-01 10:32:54,983 - Fota测试 - WARNING - function:data_dealcom.qualcomm.location.XT 无需进行授权!
2021-04-01 10:32:55,059 - Fota测试 - WARNING - function:data_dealandroid.rro_product 无需进行授权!
2021-04-01 10:32:55,147 - Fota测试 - WARNING - function:data_dealcom.android.phone 无需进行授权!
2021-04-01 10:32:55,240 - Fota测试 - WARNING - function:data_dealcom.android.shell 无需进行授权!
2021-04-01 10:32:55,329 - Fota测试 - WARNING - function:data_dealcom.android.overlay.modules.permissioncontroller.tctui 无需进行授权!
2021-04-01 10:32:55,391 - Fota测试 - WARNING - function:data_dealcom.android.theme.icon_pack.filled.themepicker 无需进行授权!
2021-04-01 10:32:55,476 - Fota测试 - WARNING - function:data_dealcom.android.wallpaperbackup 无需进行授权!
2021-04-01 10:32:55,575 - Fota测试 - WARNING - function:data_dealcom.android.providers.blockednumber 无需进行授权!
2021-04-01 10:32:55,655 - Fota测试 - WARNING - function:data_dealcom.android.stk.rro_common 无需进行授权!
2021-04-01 10:32:55,758 - Fota测试 - WARNING - function:data_dealcom.tct.faceunlock 无需进行授权!
2021-04-01 10:32:55,855 - Fota测试 - WARNING - function:data_dealcom.tcl.engineermode 无需进行授权!
2021-04-01 10:32:55,943 - Fota测试 - WARNING - function:data_dealcom.android.email.partnerprovider 无需进行授权!
2021-04-01 10:32:56,037 - Fota测试 - WARNING - function:data_dealcom.android.providers.userdictionary 无需进行授权!
2021-04-01 10:32:56,140 - Fota测试 - WARNING - function:data_dealcom.android.emergency 无需进行授权!
2021-04-01 10:32:56,221 - Fota测试 - WARNING - function:data_dealcom.qualcomm.qti.seccamservice 无需进行授权!
2021-04-01 10:32:56,316 - Fota测试 - WARNING - function:data_dealcom.android.hotspot2.osulogin 无需进行授权!
2021-04-01 10:32:56,412 - Fota测试 - WARNING - function:data_dealcom.qualcomm.qti.qdma 无需进行授权!
2021-04-01 10:32:56,498 - Fota测试 - WARNING - function:data_dealcom.google.android.gms.location.history 无需进行授权!
2021-04-01 10:32:56,570 - Fota测试 - WARNING - function:data_dealcom.android.internal.systemui.navbar.gestural 无需进行授权!
2021-04-01 10:32:56,657 - Fota测试 - WARNING - function:data_dealcom.android.location.fused 无需进行授权!
2021-04-01 10:32:56,733 - Fota测试 - WARNING - function:data_dealcom.android.theme.color.orchid 无需进行授权!
2021-04-01 10:32:57,030 - Fota测试 - WARNING - function:data_dealcom.android.deskclock 无需进行授权!
2021-04-01 10:32:57,190 - Fota测试 - WARNING - function:data_dealcom.android.systemui 无需进行授权!
2021-04-01 10:32:57,274 - Fota测试 - WARNING - function:data_dealcom.android.theme.color.purple 无需进行授权!
2021-04-01 10:32:57,357 - Fota测试 - WARNING - function:data_dealcom.google.android.overlay.modules.permissioncontroller.tctui 无需进行授权!
2021-04-01 10:32:57,449 - Fota测试 - WARNING - function:data_dealcom.android.bluetoothmidiservice 无需进行授权!
2021-04-01 10:32:57,558 - Fota测试 - WARNING - function:data_dealcom.qualcomm.qti.confdialer 无需进行授权!
2021-04-01 10:32:57,647 - Fota测试 - WARNING - function:data_dealcom.qualcomm.qti.poweroffalarm 无需进行授权!
2021-04-01 10:32:57,722 - Fota测试 - WARNING - function:data_dealcom.qti.ltebc 无需进行授权!
2021-04-01 10:32:57,837 - Fota测试 - WARNING - function:data_dealcom.tcl.screenrecorder 无需进行授权!
2021-04-01 10:32:57,935 - Fota测试 - WARNING - function:data_dealcom.facebook.appmanager 无需进行授权!
2021-04-01 10:32:58,015 - Fota测试 - WARNING - function:data_dealandroid.default_dialer 无需进行授权!
2021-04-01 10:32:58,100 - Fota测试 - WARNING - function:data_dealcom.android.traceur 无需进行授权!
2021-04-01 10:32:58,203 - Fota测试 - WARNING - function:data_dealcom.tct.privacyprotect 无需进行授权!
2021-04-01 10:32:58,378 - Fota测试 - WARNING - function:data_dealcom.google.android.cellbroadcastreceiver 无需进行授权!
2021-04-01 10:32:58,470 - Fota测试 - WARNING - function:data_dealcom.qualcomm.qti.qccauthmgr 无需进行授权!
2021-04-01 10:32:58,580 - Fota测试 - WARNING - function:data_dealcom.tcl.android.wallpaper.livepicker 无需进行授权!
2021-04-01 10:32:58,652 - Fota测试 - WARNING - function:data_dealcom.qualcomm.qti.server.wigig.tethering.rro 无需进行授权!
2021-04-01 10:32:58,839 - Fota测试 - WARNING - function:data_dealcom.google.android.apps.adm 无需进行授权!
2021-04-01 10:32:58,933 - Fota测试 - WARNING - function:data_dealcom.android.bluetooth 无需进行授权!
2021-04-01 10:32:59,022 - Fota测试 - WARNING - function:data_dealcom.qualcomm.timeservice 无需进行授权!
2021-04-01 10:32:59,105 - Fota测试 - WARNING - function:data_dealcom.qualcomm.atfwd 无需进行授权!
2021-04-01 10:32:59,191 - Fota测试 - WARNING - function:data_dealcom.qualcomm.embms 无需进行授权!
2021-04-01 10:32:59,287 - Fota测试 - WARNING - function:data_dealcom.android.providers.contacts 无需进行授权!
2021-04-01 10:32:59,566 - Fota测试 - WARNING - function:data_dealcom.netease.cloudmusic 无需进行授权!
2021-04-01 10:32:59,654 - Fota测试 - WARNING - function:data_dealandroid.autoinstalls.config.TCL.PAI 无需进行授权!
2021-04-01 10:32:59,721 - Fota测试 - WARNING - function:data_dealcom.android.theme.icon.roundedrect 无需进行授权!
2021-04-01 10:32:59,801 - Fota测试 - WARNING - function:data_dealcom.android.internal.systemui.navbar.gestural_narrow_back 无需进行授权!
2021-04-01 10:32:59,890 - Fota测试 - WARNING - function:data_dealcom.tct.smart.account 无需进行授权!
2021-04-01 10:32:59,960 - Fota测试 - WARNING - function:data_dealcom.android.theme.icon_pack.rounded.settings 无需进行授权!
2021-04-01 10:33:00,122 - Fota测试 - WARNING - function:data_dealcom.google.android.inputmethod.latin 无需进行授权!
2021-04-01 10:33:00,194 - Fota测试 - WARNING - function:data_dealcom.android.theme.icon_pack.circular.android 无需进行授权!
2021-04-01 10:33:00,296 - Fota测试 - WARNING - function:data_dealcom.google.android.apps.restore 无需进行授权!
2021-04-01 10:33:00,358 - Fota测试 - INFO - function:grant_permission<airtest.core.android.android.Android object at 0x119c1da50> 
应用:com.github.uiautomator 授权 p: android.permission.ACCESS_FINE_LOCATION 完成
2021-04-01 10:33:00,431 - Fota测试 - INFO - function:grant_permission<airtest.core.android.android.Android object at 0x119c1da50> 
应用:com.github.uiautomator 授权 p: android.permission.READ_EXTERNAL_STORAGE 完成
2021-04-01 10:33:00,491 - Fota测试 - INFO - function:grant_permission<airtest.core.android.android.Android object at 0x119c1da50> 
应用:com.github.uiautomator 授权 p: android.permission.ACCESS_COARSE_LOCATION 完成
2021-04-01 10:33:00,561 - Fota测试 - INFO - function:grant_permission<airtest.core.android.android.Android object at 0x119c1da50> 
应用:com.github.uiautomator 授权 p: android.permission.READ_PHONE_STATE 完成
2021-04-01 10:33:00,640 - Fota测试 - INFO - function:grant_permission<airtest.core.android.android.Android object at 0x119c1da50> 
应用:com.github.uiautomator 授权 p: android.permission.GET_ACCOUNTS 完成
2021-04-01 10:33:00,722 - Fota测试 - INFO - function:grant_permission<airtest.core.android.android.Android object at 0x119c1da50> 
应用:com.github.uiautomator 授权 p: android.permission.WRITE_EXTERNAL_STORAGE 完成
2021-04-01 10:33:00,799 - Fota测试 - INFO - function:grant_permission<airtest.core.android.android.Android object at 0x119c1da50> 
应用:com.github.uiautomator 授权 p: android.permission.ACCESS_BACKGROUND_LOCATION 完成
2021-04-01 10:33:00,863 - Fota测试 - INFO - function:grant_permission<airtest.core.android.android.Android object at 0x119c1da50> 
应用:com.github.uiautomator 授权 p: android.permission.ACCESS_MEDIA_LOCATION 完成
2021-04-01 10:33:00,943 - Fota测试 - INFO - function:grant_permission<airtest.core.android.android.Android object at 0x119c1da50> 
应用:com.netease.nie.yosemite 授权 p: android.permission.READ_SMS 完成
2021-04-01 10:33:01,020 - Fota测试 - INFO - function:grant_permission<airtest.core.android.android.Android object at 0x119c1da50> 
应用:com.netease.nie.yosemite 授权 p: android.permission.RECEIVE_SMS 完成
2021-04-01 10:33:01,100 - Fota测试 - INFO - function:grant_permission<airtest.core.android.android.Android object at 0x119c1da50> 
应用:com.netease.nie.yosemite 授权 p: android.permission.READ_EXTERNAL_STORAGE 完成
2021-04-01 10:33:01,182 - Fota测试 - INFO - function:grant_permission<airtest.core.android.android.Android object at 0x119c1da50> 
应用:com.netease.nie.yosemite 授权 p: android.permission.READ_PHONE_STATE 完成
2021-04-01 10:33:01,280 - Fota测试 - INFO - function:grant_permission<airtest.core.android.android.Android object at 0x119c1da50> 
应用:com.netease.nie.yosemite 授权 p: android.permission.GET_ACCOUNTS 完成
2021-04-01 10:33:01,356 - Fota测试 - INFO - function:grant_permission<airtest.core.android.android.Android object at 0x119c1da50> 
应用:com.netease.nie.yosemite 授权 p: android.permission.WRITE_EXTERNAL_STORAGE 完成
2021-04-01 10:33:01,434 - Fota测试 - INFO - function:grant_permission<airtest.core.android.android.Android object at 0x119c1da50> 
应用:com.netease.nie.yosemite 授权 p: android.permission.RECORD_AUDIO 完成
2021-04-01 10:33:01,516 - Fota测试 - INFO - function:grant_permission<airtest.core.android.android.Android object at 0x119c1da50> 
应用:com.netease.nie.yosemite 授权 p: android.permission.ACCESS_MEDIA_LOCATION 完成
2021-04-01 10:33:11,749 - Fota测试 - INFO - function:unlock_screen:进行屏幕解锁:
2021-04-01 10:33:13,635 - Fota测试 - ERROR - function:unlock_screen:未设置屏幕锁,无需解锁:Cannot find any visible node by query UIObjectProxy of "com.android.systemui:id/rectangle_frame"
2021-04-01 10:33:14,504 - Fota测试 - INFO - function:get_app_version:获取当前com.android.settings版本:
2021-04-01 10:33:15,219 - Fota测试 - INFO - 当前case测试结束，执行关闭APP操作：
2021-04-01 10:33:15,271 - Fota测试 - INFO - 当前界面为主界面
2021-04-01 10:33:15,394 - Fota测试 - INFO - function:start_dialer:启动dialer app:
2021-04-01 10:33:16,962 - Fota测试 - INFO - function:change_sort_by:进行更改Sort by方式
2021-04-01 10:33:16,964 - Fota测试 - INFO - function:enter_sort_interface:点击右上角菜单
2021-04-01 10:33:18,867 - Fota测试 - INFO - function:enter_sort_interface:进入settings
2021-04-01 10:33:20,652 - Fota测试 - INFO - function:enter_sort_interface:进入Display options
2021-04-01 10:33:22,450 - Fota测试 - INFO - function:enter_sort_interface:进入Sort by界面
2021-04-01 10:33:28,257 - Fota测试 - INFO - 当前case测试结束，执行关闭APP操作：
2021-04-01 10:33:28,520 - Fota测试 - INFO - APP关闭完成
2021-04-01 10:33:28,637 - Fota测试 - INFO - function:call:拨打电话给:case_name
test_calling_history    10086
test_calling_history     Test
Name: case_data, dtype: object:
2021-04-01 10:33:32,193 - Fota测试 - INFO - 当前case测试结束，执行关闭APP操作：
2021-04-01 10:33:32,253 - Fota测试 - INFO - 当前界面为主界面
2021-04-01 10:33:35,451 - Fota测试 - INFO - function:send_message:创建并发送短信,number:18575211714,content:Test:
2021-04-01 10:33:39,159 - Fota测试 - INFO - function:send_message:短信发送成功:
2021-04-01 10:33:39,245 - Fota测试 - INFO - 当前case测试结束，执行关闭APP操作：
2021-04-01 10:33:39,504 - Fota测试 - INFO - APP关闭完成
2021-04-01 10:33:42,628 - Fota测试 - INFO - function:enter_messaging_settings:进入Messaging Settings菜单:
2021-04-01 10:33:45,463 - Fota测试 - INFO - 当前case测试结束，执行关闭APP操作：
2021-04-01 10:33:45,704 - Fota测试 - INFO - APP关闭完成
2021-04-01 10:33:45,733 - Fota测试 - INFO - function:create_contact:创建联系人,名称:Test,号码:18575211714:
2021-04-01 10:33:45,844 - Fota测试 - INFO - function:scroll_to_find_element:滚动查找元素:
2021-04-01 10:33:47,611 - Fota测试 - INFO - 当前case测试结束，执行关闭APP操作：
2021-04-01 10:33:47,782 - Fota测试 - INFO - APP关闭完成
2021-04-01 10:33:47,854 - Fota测试 - INFO - function:start_deskclock:启动desk clock app:
2021-04-01 10:33:49,602 - Fota测试 - INFO - function:add_clock:添加闹钟:
2021-04-01 10:33:53,519 - Fota测试 - INFO - function:scroll_to_find_element:滚动查找元素:
2021-04-01 10:33:53,834 - Fota测试 - INFO - 当前case测试结束，执行关闭APP操作：
2021-04-01 10:33:54,079 - Fota测试 - INFO - APP关闭完成
2021-04-01 10:33:54,209 - Fota测试 - INFO - function:start_calendar:启动calendar app:
2021-04-01 10:33:55,726 - Fota测试 - INFO - function:skip_guide:跳过设置向导:
2021-04-01 10:33:59,562 - Fota测试 - INFO - function:create_calendar:创建一个名为Test的calendar:
2021-04-01 10:34:06,980 - Fota测试 - INFO - 当前case测试结束，执行关闭APP操作：
2021-04-01 10:34:07,218 - Fota测试 - INFO - APP关闭完成
2021-04-01 10:34:07,308 - Fota测试 - INFO - function:start_onetouchbooster:启动one touch booster app:
2021-04-01 10:34:08,771 - Fota测试 - INFO - function:skip_guide:跳过设置向导:
2021-04-01 10:34:13,319 - Fota测试 - INFO - function:enter_battery_settings:进入Battery settings:
2021-04-01 10:34:18,997 - Fota测试 - INFO - 当前case测试结束，执行关闭APP操作：
2021-04-01 10:34:19,261 - Fota测试 - INFO - APP关闭完成
2021-04-01 10:34:19,306 - Fota测试 - INFO - function:start_camera:启动camera app:
2021-04-01 10:34:20,792 - Fota测试 - INFO - function:enter_camera_settings:进入camera设置界面:
2021-04-01 10:34:21,307 - Fota测试 - INFO - function:double_click_element:双击UIObjectProxy of "com.tcl.camera:id/picker_list_layout/[0]"元素:
2021-04-01 10:34:23,595 - Fota测试 - INFO - function:change_ai_scene_status:改变Ai scene status的值:
2021-04-01 10:34:27,694 - Fota测试 - INFO - 当前case测试结束，执行关闭APP操作：
2021-04-01 10:34:27,933 - Fota测试 - INFO - APP关闭完成
2021-04-01 10:34:28,404 - Fota测试 - INFO - function:start_settings:启动settings app:
2021-04-01 10:34:29,891 - Fota测试 - INFO - function:enter_sound_vibration:进入Sound & vibration界面:
2021-04-01 10:34:29,895 - Fota测试 - INFO - function:scroll_to_find_element:滚动查找元素:
2021-04-01 10:34:30,160 - Fota测试 - INFO - function:double_click_element:双击UIObjectProxy of "text=Sound & vibration"元素:
2021-04-01 10:34:30,615 - Fota测试 - INFO - function:change_silent_mode:更改silent mode状态:
2021-04-01 10:34:41,415 - Fota测试 - ERROR - function:change_silent_mode:更改silent mode状态出现问题:Cannot find any visible node by query UIObjectProxy of "text=Silent mode"
2021-04-01 10:34:41,493 - Fota测试 - INFO - 当前case测试结束，执行关闭APP操作：
2021-04-01 10:34:41,733 - Fota测试 - INFO - APP关闭完成
2021-04-01 10:34:42,204 - Fota测试 - INFO - function:change_brightness_sleep_mode:更改Brightness&Sleep状态:
2021-04-01 10:34:42,406 - Fota测试 - INFO - 当前case测试结束，执行关闭APP操作：
2021-04-01 10:34:42,471 - Fota测试 - INFO - 当前界面为主界面
2021-04-01 10:34:42,949 - Fota测试 - INFO - function:start_settings:启动settings app:
2021-04-01 10:34:44,441 - Fota测试 - INFO - function:enter_button_gestures:进入Button & gestures界面:
2021-04-01 10:34:44,445 - Fota测试 - INFO - function:scroll_to_find_element:滚动查找元素:
2021-04-01 10:34:55,016 - Fota测试 - INFO - function:double_click_element:双击UIObjectProxy of "text=Button & gestures"元素:
2021-04-01 10:34:55,618 - Fota测试 - INFO - function:set_navigation_gesture:设置navigation gesture:
2021-04-01 10:35:01,086 - Fota测试 - INFO - 当前case测试结束，执行关闭APP操作：
2021-04-01 10:35:01,363 - Fota测试 - INFO - APP关闭完成
2021-04-01 10:35:01,840 - Fota测试 - INFO - function:start_settings:启动settings app:
2021-04-01 10:35:03,372 - Fota测试 - INFO - function:enter_security:进入Security & biometrics界面:
2021-04-01 10:35:03,376 - Fota测试 - INFO - function:scroll_to_find_element:滚动查找元素:
2021-04-01 10:35:14,313 - Fota测试 - INFO - function:double_click_element:双击UIObjectProxy of "text=Security & biometrics"元素:
2021-04-01 10:35:14,820 - Fota测试 - INFO - function:set_screen_lock:设置屏幕锁1234:
2021-04-01 10:35:18,775 - Fota测试 - WARNING - function:set_screen_lock:当前屏幕锁已存在:
2021-04-01 10:35:18,821 - Fota测试 - INFO - 当前case测试结束，执行关闭APP操作：
2021-04-01 10:35:18,879 - Fota测试 - INFO - 当前界面为主界面
2021-04-01 10:35:19,356 - Fota测试 - INFO - function:start_settings:启动settings app:
2021-04-01 10:35:20,911 - Fota测试 - INFO - function:enter_security:进入Security & biometrics界面:
2021-04-01 10:35:20,916 - Fota测试 - INFO - function:scroll_to_find_element:滚动查找元素:
2021-04-01 10:35:21,043 - Fota测试 - INFO - function:double_click_element:双击UIObjectProxy of "text=Security & biometrics"元素:
2021-04-01 10:35:21,516 - Fota测试 - INFO - function:change_sim_card_lock_status:修改sim card lock状态:
2021-04-01 10:35:21,521 - Fota测试 - INFO - function:scroll_to_find_element:滚动查找元素:
2021-04-01 10:35:32,786 - Fota测试 - INFO - 当前case测试结束，执行关闭APP操作：
2021-04-01 10:35:32,882 - Fota测试 - INFO - 当前界面为主界面
2021-04-01 10:35:33,356 - Fota测试 - INFO - function:start_settings:启动settings app:
2021-04-01 10:35:34,868 - Fota测试 - INFO - function:enter_simcard_cellular:进入SIM card & cellular network界面:
2021-04-01 10:35:34,873 - Fota测试 - INFO - function:scroll_to_find_element:滚动查找元素:
2021-04-01 10:36:12,903 - Fota测试 - INFO - function:double_click_element:双击UIObjectProxy of "text=SIM card & cellular network"元素:
2021-04-01 10:36:13,478 - Fota测试 - INFO - function:change_simcard_name:更改sim card name:
2021-04-01 10:36:20,945 - Fota测试 - INFO - 当前case测试结束，执行关闭APP操作：
2021-04-01 10:36:21,181 - Fota测试 - INFO - APP关闭完成
2021-04-01 10:36:21,655 - Fota测试 - INFO - function:start_settings:启动settings app:
2021-04-01 10:36:23,201 - Fota测试 - INFO - function:enter_accessibility:进入Accessibility界面:
2021-04-01 10:36:23,206 - Fota测试 - INFO - function:scroll_to_find_element:滚动查找元素:
2021-04-01 10:36:35,436 - Fota测试 - INFO - function:double_click_element:双击UIObjectProxy of "text=Accessibility"元素:
2021-04-01 10:36:36,028 - Fota测试 - INFO - function:change_animations_status:更改remove animation状态:
2021-04-01 10:36:36,032 - Fota测试 - INFO - function:scroll_to_find_element:滚动查找元素:
2021-04-01 10:36:50,238 - Fota测试 - INFO - 当前case测试结束，执行关闭APP操作：
2021-04-01 10:36:50,443 - Fota测试 - INFO - APP关闭完成
2021-04-01 10:36:50,533 - Fota测试 - INFO - function:start_filemanager:启动filemanager app:
2021-04-01 10:36:52,148 - Fota测试 - INFO - function:create_folder:创建文件夹:
2021-04-01 10:36:59,770 - Fota测试 - INFO - function:scroll_to_find_element:滚动查找元素:
2021-04-01 10:37:00,081 - Fota测试 - INFO - 当前case测试结束，执行关闭APP操作：
2021-04-01 10:37:00,343 - Fota测试 - INFO - APP关闭完成
2021-04-01 10:37:00,828 - Fota测试 - INFO - function:get_imei_cu:获取设备IMEI&CU:
2021-04-01 10:37:02,741 - Fota测试 - INFO - 当前case测试结束，执行关闭APP操作：
2021-04-01 10:37:02,903 - Fota测试 - INFO - APP关闭完成
2021-04-01 10:37:03,031 - Fota测试 - INFO - function:get_svn:获取手机svn:
2021-04-01 10:37:06,846 - Fota测试 - INFO - 当前case测试结束，执行关闭APP操作：
2021-04-01 10:37:07,113 - Fota测试 - INFO - APP关闭完成
2021-04-01 10:37:07,590 - Fota测试 - INFO - function:start_settings:启动settings app:
2021-04-01 10:37:09,341 - Fota测试 - INFO - function:enter_wifi:进入Wi-Fi界面:
2021-04-01 10:37:09,357 - Fota测试 - INFO - function:scroll_to_find_element:滚动查找元素:
2021-04-01 10:37:09,458 - Fota测试 - INFO - function:double_click_element:双击UIObjectProxy of "text=Wi-Fi"元素:
2021-04-01 10:37:09,853 - Fota测试 - INFO - function:enable_wifi:开启wifi:
2021-04-01 10:37:09,942 - Fota测试 - INFO - function:connect_wifi:连接wifi,name:AutomationTest,password:cgt19981002:
2021-04-01 10:37:15,178 - Fota测试 - INFO - function:scroll_to_find_element:滚动查找元素:
2021-04-01 10:37:24,107 - Fota测试 - INFO - function:get_current_wifi_name:获取当前wifi名称:
2021-04-01 10:37:24,185 - Fota测试 - INFO - function:connect_wifi:当前连接的wifi为AutomationTest:
2021-04-01 10:37:24,321 - Fota测试 - INFO - 当前case测试结束，执行关闭APP操作：
2021-04-01 10:37:24,407 - Fota测试 - INFO - 当前界面为主界面
2021-04-01 10:37:24,882 - Fota测试 - INFO - function:start_settings:启动settings app:
2021-04-01 10:37:26,378 - Fota测试 - INFO - function:enter_simcard_cellular:进入SIM card & cellular network界面:
2021-04-01 10:37:26,384 - Fota测试 - INFO - function:scroll_to_find_element:滚动查找元素:
2021-04-01 10:37:26,502 - Fota测试 - INFO - function:double_click_element:双击UIObjectProxy of "text=SIM card & cellular network"元素:
2021-04-01 10:37:26,957 - Fota测试 - INFO - function:set_hotspot_name:设置wifi hotspot name为:Test:
2021-04-01 10:37:36,097 - Fota测试 - INFO - 当前case测试结束，执行关闭APP操作：
2021-04-01 10:37:36,354 - Fota测试 - INFO - APP关闭完成
2021-04-01 10:37:36,867 - Fota测试 - INFO - function:start_settings:启动settings app:
2021-04-01 10:37:38,351 - Fota测试 - INFO - function:enter_location:进入Location界面:
2021-04-01 10:37:38,367 - Fota测试 - INFO - function:scroll_to_find_element:滚动查找元素:
2021-04-01 10:37:48,974 - Fota测试 - INFO - function:double_click_element:双击UIObjectProxy of "text=Location"元素:
2021-04-01 10:37:49,559 - Fota测试 - INFO - function:change_location_settings:改变定位功能设置:
2021-04-01 10:37:49,565 - Fota测试 - INFO - function:scroll_to_find_element:滚动查找元素:
2021-04-01 10:37:53,244 - Fota测试 - INFO - function:scroll_to_find_element:滚动查找元素:
2021-04-01 10:37:55,181 - Fota测试 - INFO - 当前case测试结束，执行关闭APP操作：
2021-04-01 10:37:55,442 - Fota测试 - INFO - APP关闭完成
2021-04-01 10:37:55,489 - Fota测试 - INFO - function:start_chrome:启动chrome app:
2021-04-01 10:37:57,003 - Fota测试 - INFO - function:skip_guide:跳过设置向导:
2021-04-01 10:38:01,357 - Fota测试 - INFO - function:enter_website:进入网页www.baidu.com:
2021-04-01 10:38:07,530 - Fota测试 - INFO - function:enter_website:成功进入网页www.baidu.com:
2021-04-01 10:38:10,987 - Fota测试 - INFO - function:download_baidu_image:下载百度首页图片:
2021-04-01 10:38:28,074 - Fota测试 - WARNING - function:download_baidu_image:非第一次下载，需要点击开始下载按钮:Cannot find any visible node by query UIObjectProxy of "com.android.chrome:id/positive_button"
2021-04-01 10:38:28,124 - Fota测试 - INFO - function:get_first_download_file:获取下载记录中第一个文件number:
2021-04-01 10:38:35,308 - Fota测试 - INFO - 当前case测试结束，执行关闭APP操作：
2021-04-01 10:38:35,588 - Fota测试 - INFO - APP关闭完成
2021-04-01 10:38:35,642 - Fota测试 - INFO - function:start_chrome:启动chrome app:
2021-04-01 10:38:37,155 - Fota测试 - INFO - function:skip_guide:跳过设置向导:
2021-04-01 10:38:40,450 - Fota测试 - INFO - function:save_bookmark:保存www.baidu.com为书签:
2021-04-01 10:38:40,464 - Fota测试 - INFO - function:enter_website:进入网页www.baidu.com:
2021-04-01 10:38:46,510 - Fota测试 - INFO - function:enter_website:成功进入网页www.baidu.com:
2021-04-01 10:39:04,744 - Fota测试 - WARNING - function:save_bookmark:书签www.baidu.com添加失败:Cannot find any visible node by query UIObjectProxy of "text=www.baidu.com"
2021-04-01 10:39:04,831 - Fota测试 - INFO - 当前case测试结束，执行关闭APP操作：
2021-04-01 10:39:05,122 - Fota测试 - INFO - APP关闭完成
2021-04-01 10:39:05,594 - Fota测试 - INFO - function:start_settings:启动settings app:
2021-04-01 10:39:07,067 - Fota测试 - INFO - function:enter_security:进入Security & biometrics界面:
2021-04-01 10:39:07,074 - Fota测试 - INFO - function:scroll_to_find_element:滚动查找元素:
2021-04-01 10:39:17,802 - Fota测试 - INFO - function:double_click_element:双击UIObjectProxy of "text=Security & biometrics"元素:
2021-04-01 10:39:18,348 - Fota测试 - INFO - function:set_screen_lock:设置屏幕锁1234:
2021-04-01 10:39:22,169 - Fota测试 - WARNING - function:set_screen_lock:当前屏幕锁已存在:
2021-04-01 10:39:22,175 - Fota测试 - INFO - function:stop_settings:关闭settings app:
2021-04-01 10:39:23,385 - Fota测试 - INFO - function:start_settings:启动settings app:
2021-04-01 10:39:24,890 - Fota测试 - INFO - function:enter_connected_devices:进入Connected Devices界面:
2021-04-01 10:39:24,896 - Fota测试 - INFO - function:scroll_to_find_element:滚动查找元素:
2021-04-01 10:39:31,891 - Fota测试 - INFO - function:double_click_element:双击UIObjectProxy of "text=Connected devices"元素:
2021-04-01 10:39:32,402 - Fota测试 - INFO - function:set_vpn:设置vpn,name:Test,address:Test:
2021-04-01 10:39:40,613 - Fota测试 - INFO - 当前case测试结束，执行关闭APP操作：
2021-04-01 10:39:40,878 - Fota测试 - INFO - APP关闭完成
2021-04-01 10:39:41,383 - Fota测试 - INFO - function:start_settings:启动settings app:
2021-04-01 10:39:42,942 - Fota测试 - INFO - function:enter_display:进入Display界面:
2021-04-01 10:39:42,949 - Fota测试 - INFO - function:scroll_to_find_element:滚动查找元素:
2021-04-01 10:39:48,040 - Fota测试 - INFO - function:double_click_element:双击UIObjectProxy of "text=Display"元素:
2021-04-01 10:39:48,617 - Fota测试 - INFO - function:change_notch_style:更改Notch风格:
2021-04-01 10:39:55,922 - Fota测试 - INFO - 当前case测试结束，执行关闭APP操作：
2021-04-01 10:39:56,167 - Fota测试 - INFO - APP关闭完成
2021-04-01 10:39:56,645 - Fota测试 - INFO - function:start_settings:启动settings app:
2021-04-01 10:39:58,151 - Fota测试 - INFO - function:enter_advanced_features:进入Advanced features界面:
2021-04-01 10:39:58,158 - Fota测试 - INFO - function:scroll_to_find_element:滚动查找元素:
2021-04-01 10:40:09,328 - Fota测试 - INFO - function:double_click_element:双击UIObjectProxy of "text=Advanced features"元素:
2021-04-01 10:40:09,923 - Fota测试 - INFO - function:change_screenrecorder_settings:更改screen recorder设置:
2021-04-01 10:40:15,430 - Fota测试 - INFO - 当前case测试结束，执行关闭APP操作：
2021-04-01 10:40:15,622 - Fota测试 - INFO - APP关闭完成
2021-04-01 10:40:15,745 - Fota测试 - INFO - function:get_main_software_version:获取当前设备主软件版本:
2021-04-01 10:40:19,398 - Fota测试 - INFO - 当前case测试结束，执行关闭APP操作：
2021-04-01 10:40:19,730 - Fota测试 - INFO - APP关闭完成
2021-04-01 10:40:19,848 - Fota测试 - INFO - 当前case测试结束，执行关闭APP操作：
2021-04-01 10:40:20,083 - Fota测试 - INFO - APP关闭完成
