2021-02-24 16:12:33,206 - Fota测试 - WARNING - function:data_dealcom.tct.gdpr 无需进行授权!
2021-02-24 16:12:33,321 - Fota测试 - WARNING - function:data_dealcom.tct.iris 无需进行授权!
2021-02-24 16:12:33,461 - Fota测试 - WARNING - function:data_dealcom.swfp.factory 无需进行授权!
2021-02-24 16:12:33,580 - Fota测试 - WARNING - function:data_dealcom.google.android.networkstack.tethering 无需进行授权!
2021-02-24 16:12:33,852 - Fota测试 - WARNING - function:data_dealcom.mobisystems.office 无需进行授权!
2021-02-24 16:12:33,918 - Fota测试 - WARNING - function:data_dealcom.android.cts.priv.ctsshim 无需进行授权!
2021-02-24 16:12:33,983 - Fota测试 - WARNING - function:data_dealcom.google.android.youtube 无需进行授权!
2021-02-24 16:12:34,048 - Fota测试 - WARNING - function:data_dealcom.tct.music 无需进行授权!
2021-02-24 16:12:34,129 - Fota测试 - WARNING - function:data_dealcom.tct.phone 无需进行授权!
2021-02-24 16:12:34,189 - Fota测试 - WARNING - function:data_dealcom.android.internal.display.cutout.emulation.corner 无需进行授权!
2021-02-24 16:12:34,260 - Fota测试 - WARNING - function:data_dealcom.google.android.ext.services 无需进行授权!
2021-02-24 16:12:34,351 - Fota测试 - WARNING - function:data_dealcom.android.internal.display.cutout.emulation.double 无需进行授权!
2021-02-24 16:12:34,448 - Fota测试 - WARNING - function:data_dealcom.android.providers.telephony 无需进行授权!
2021-02-24 16:12:34,518 - Fota测试 - WARNING - function:data_dealcom.android.dynsystem 无需进行授权!
2021-02-24 16:12:34,578 - Fota测试 - WARNING - function:data_dealcom.android.theme.icon.pebble 无需进行授权!
2021-02-24 16:12:34,663 - Fota测试 - WARNING - function:data_dealcom.google.android.googlequicksearchbox 无需进行授权!
2021-02-24 16:12:34,717 - Fota测试 - WARNING - function:data_dealcom.google.android.cellbroadcastservice 无需进行授权!
2021-02-24 16:12:34,770 - Fota测试 - WARNING - function:data_dealcom.tcl.tct.filemanager 无需进行授权!
2021-02-24 16:12:34,821 - Fota测试 - WARNING - function:data_dealcom.android.providers.calendar 无需进行授权!
2021-02-24 16:12:34,872 - Fota测试 - WARNING - function:data_dealcom.google.android.apps.googleassistant 无需进行授权!
2021-02-24 16:12:34,930 - Fota测试 - WARNING - function:data_dealcom.android.providers.media 无需进行授权!
2021-02-24 16:12:34,992 - Fota测试 - WARNING - function:data_dealcom.qti.service.colorservice 无需进行授权!
2021-02-24 16:12:35,068 - Fota测试 - WARNING - function:data_dealcom.qiyi.video 无需进行授权!
2021-02-24 16:12:35,140 - Fota测试 - WARNING - function:data_dealcom.google.android.onetimeinitializer 无需进行授权!
2021-02-24 16:12:35,204 - Fota测试 - WARNING - function:data_dealcom.google.android.ext.shared 无需进行授权!
2021-02-24 16:12:35,255 - Fota测试 - WARNING - function:data_dealcom.android.internal.systemui.navbar.gestural_wide_back 无需进行授权!
2021-02-24 16:12:35,310 - Fota测试 - WARNING - function:data_dealcom.tct.smart.aota 无需进行授权!
2021-02-24 16:12:35,368 - Fota测试 - WARNING - function:data_dealcom.tct.smart.push 无需进行授权!
2021-02-24 16:12:35,431 - Fota测试 - WARNING - function:data_dealcom.qualcomm.qti.simcontacts 无需进行授权!
2021-02-24 16:12:35,507 - Fota测试 - WARNING - function:data_dealcom.sohu.inputmethod.sogou 无需进行授权!
2021-02-24 16:12:35,563 - Fota测试 - WARNING - function:data_dealcom.android.wallpapercropper 无需进行授权!
2021-02-24 16:12:35,620 - Fota测试 - WARNING - function:data_dealcom.android.theme.icon.vessel 无需进行授权!
2021-02-24 16:12:35,680 - Fota测试 - WARNING - function:data_dealcom.android.theme.color.cinnamon 无需进行授权!
2021-02-24 16:12:35,748 - Fota测试 - WARNING - function:data_dealcom.tcl.fmradio 无需进行授权!
2021-02-24 16:12:35,816 - Fota测试 - WARNING - function:data_dealcom.tct.phone.rro_brand 无需进行授权!
2021-02-24 16:12:35,878 - Fota测试 - WARNING - function:data_dealcom.android.theme.icon_pack.rounded.systemui 无需进行授权!
2021-02-24 16:12:35,939 - Fota测试 - WARNING - function:data_dealcom.android.theme.icon.taperedrect 无需进行授权!
2021-02-24 16:12:36,014 - Fota测试 - WARNING - function:data_dealcom.focaltech.fingerprint 无需进行授权!
2021-02-24 16:12:36,081 - Fota测试 - WARNING - function:data_dealcom.tencent.qqmusic 无需进行授权!
2021-02-24 16:12:36,135 - Fota测试 - WARNING - function:data_dealcom.tct.simplelauncher 无需进行授权!
2021-02-24 16:12:36,183 - Fota测试 - WARNING - function:data_dealcom.android.externalstorage 无需进行授权!
2021-02-24 16:12:36,234 - Fota测试 - WARNING - function:data_dealcom.qualcomm.uimremoteclient 无需进行授权!
2021-02-24 16:12:36,295 - Fota测试 - WARNING - function:data_dealcom.android.htmlviewer 无需进行授权!
2021-02-24 16:12:36,367 - Fota测试 - WARNING - function:data_dealcom.whatsapp 无需进行授权!
2021-02-24 16:12:36,429 - Fota测试 - WARNING - function:data_dealcom.android.companiondevicemanager 无需进行授权!
2021-02-24 16:12:36,489 - Fota测试 - WARNING - function:data_dealcom.android.mms.service 无需进行授权!
2021-02-24 16:12:36,541 - Fota测试 - WARNING - function:data_dealcom.tct.smart.community 无需进行授权!
2021-02-24 16:12:36,596 - Fota测试 - WARNING - function:data_dealcom.android.providers.downloads 无需进行授权!
2021-02-24 16:12:36,666 - Fota测试 - WARNING - function:data_dealcom.tct.onetouchbooster 无需进行授权!
2021-02-24 16:12:36,746 - Fota测试 - WARNING - function:data_dealcom.google.android.apps.messaging 无需进行授权!
2021-02-24 16:12:36,823 - Fota测试 - WARNING - function:data_dealcom.tct.secretCode 无需进行授权!
2021-02-24 16:12:36,895 - Fota测试 - WARNING - function:data_dealcom.android.theme.icon_pack.rounded.android 无需进行授权!
2021-02-24 16:12:36,962 - Fota测试 - WARNING - function:data_dealandroid.rro_brand 无需进行授权!
2021-02-24 16:12:37,017 - Fota测试 - WARNING - function:data_dealvendor.qti.hardware.cacert.server 无需进行授权!
2021-02-24 16:12:37,089 - Fota测试 - WARNING - function:data_dealcom.tcl.compass.a_overlay 无需进行授权!
2021-02-24 16:12:37,161 - Fota测试 - WARNING - function:data_dealcom.arcsoft.aftersalecalitool 无需进行授权!
2021-02-24 16:12:37,228 - Fota测试 - WARNING - function:data_dealcom.tct.smart.fileshare 无需进行授权!
2021-02-24 16:12:37,288 - Fota测试 - WARNING - function:data_dealcom.netflix.partner.activation 无需进行授权!
2021-02-24 16:12:37,356 - Fota测试 - WARNING - function:data_dealcom.jrdcom.Elabel.overlay_T671F 无需进行授权!
2021-02-24 16:12:37,426 - Fota测试 - WARNING - function:data_dealcom.qualcomm.qti.telephonyservice 无需进行授权!
2021-02-24 16:12:37,490 - Fota测试 - WARNING - function:data_dealcom.qualcomm.qti.performancemode 无需进行授权!
2021-02-24 16:12:37,552 - Fota测试 - WARNING - function:data_dealcom.google.android.overlay.modules.permissioncontroller.tctui.cts 无需进行授权!
2021-02-24 16:12:37,623 - Fota测试 - WARNING - function:data_dealcom.android.theme.icon_pack.circular.themepicker 无需进行授权!
2021-02-24 16:12:37,693 - Fota测试 - WARNING - function:data_dealvendor.qti.iwlan 无需进行授权!
2021-02-24 16:12:37,761 - Fota测试 - WARNING - function:data_dealcom.google.android.configupdater 无需进行授权!
2021-02-24 16:12:37,830 - Fota测试 - WARNING - function:data_dealcom.google.android.providers.media.module 无需进行授权!
2021-02-24 16:12:37,891 - Fota测试 - WARNING - function:data_dealcom.google.android.overlay.modules.permissioncontroller 无需进行授权!
2021-02-24 16:12:37,964 - Fota测试 - WARNING - function:data_dealcom.tcl.TctRFM 无需进行授权!
2021-02-24 16:12:38,014 - Fota测试 - WARNING - function:data_dealcom.qualcomm.uimremoteserver 无需进行授权!
2021-02-24 16:12:38,071 - Fota测试 - WARNING - function:data_dealcom.android.providers.tctdatahubprovider 无需进行授权!
2021-02-24 16:12:38,130 - Fota测试 - WARNING - function:data_dealcom.qti.confuridialer 无需进行授权!
2021-02-24 16:12:38,194 - Fota测试 - WARNING - function:data_dealcom.tcl.android.launcher 无需进行授权!
2021-02-24 16:12:38,260 - Fota测试 - WARNING - function:data_dealcom.android.systemui.plugin.globalactions.wallet 无需进行授权!
2021-02-24 16:12:38,316 - Fota测试 - WARNING - function:data_dealcom.tct.simplelauncher.a_overlay 无需进行授权!
2021-02-24 16:12:38,373 - Fota测试 - WARNING - function:data_dealcom.tcl.logger.a_overlay 无需进行授权!
2021-02-24 16:12:38,431 - Fota测试 - WARNING - function:data_dealcom.android.providers.downloads.ui 无需进行授权!
2021-02-24 16:12:38,499 - Fota测试 - WARNING - function:data_dealcom.android.vending 无需进行授权!
2021-02-24 16:12:38,559 - Fota测试 - WARNING - function:data_dealcom.android.pacprocessor 无需进行授权!
2021-02-24 16:12:38,619 - Fota测试 - WARNING - function:data_dealcom.android.simappdialog 无需进行授权!
2021-02-24 16:12:38,681 - Fota测试 - WARNING - function:data_dealcom.netease.nie.yosemite 无需进行授权!
2021-02-24 16:12:38,748 - Fota测试 - WARNING - function:data_dealcom.arcsoft.arcsoftverifytool 无需进行授权!
2021-02-24 16:12:38,811 - Fota测试 - WARNING - function:data_dealandroid.overlay.common 无需进行授权!
2021-02-24 16:12:38,875 - Fota测试 - WARNING - function:data_dealcom.jrdcom.mtf 无需进行授权!
2021-02-24 16:12:38,939 - Fota测试 - WARNING - function:data_dealcom.tencent.mm 无需进行授权!
2021-02-24 16:12:38,994 - Fota测试 - WARNING - function:data_dealcom.android.internal.display.cutout.emulation.hole 无需进行授权!
2021-02-24 16:12:39,051 - Fota测试 - WARNING - function:data_dealcom.android.internal.display.cutout.emulation.tall 无需进行授权!
2021-02-24 16:12:39,109 - Fota测试 - WARNING - function:data_dealcom.android.certinstaller 无需进行授权!
2021-02-24 16:12:39,171 - Fota测试 - WARNING - function:data_dealcom.tcl.tct.weather 无需进行授权!
2021-02-24 16:12:39,225 - Fota测试 - WARNING - function:data_dealcom.android.theme.color.black 无需进行授权!
2021-02-24 16:12:39,292 - Fota测试 - WARNING - function:data_dealcom.android.carrierconfig 无需进行授权!
2021-02-24 16:12:39,352 - Fota测试 - WARNING - function:data_dealcom.google.android.marvin.talkback 无需进行授权!
2021-02-24 16:12:39,408 - Fota测试 - WARNING - function:data_dealcom.android.theme.color.green 无需进行授权!
2021-02-24 16:12:39,466 - Fota测试 - WARNING - function:data_dealcom.android.theme.color.ocean 无需进行授权!
2021-02-24 16:12:39,539 - Fota测试 - WARNING - function:data_dealcom.sand.airdroid 无需进行授权!
2021-02-24 16:12:39,600 - Fota测试 - WARNING - function:data_dealcom.android.theme.color.space 无需进行授权!
2021-02-24 16:12:39,656 - Fota测试 - WARNING - function:data_dealcom.android.internal.systemui.navbar.threebutton 无需进行授权!
2021-02-24 16:12:39,719 - Fota测试 - WARNING - function:data_dealcom.google.android.apps.work.oobconfig 无需进行授权!
2021-02-24 16:12:39,783 - Fota测试 - WARNING - function:data_dealcom.qti.qualcomm.datastatusnotification 无需进行授权!
2021-02-24 16:12:39,883 - Fota测试 - WARNING - function:data_dealandroid 无需进行授权!
2021-02-24 16:12:39,953 - Fota测试 - WARNING - function:data_dealcom.tcl.fota.system 无需进行授权!
2021-02-24 16:12:40,007 - Fota测试 - WARNING - function:data_dealjp.co.cyberagent.stf.rotationwatcher 无需进行授权!
2021-02-24 16:12:40,069 - Fota测试 - WARNING - function:data_dealcom.tct.smart.notes 无需进行授权!
2021-02-24 16:12:40,142 - Fota测试 - WARNING - function:data_dealcom.tct.smart.tlink 无需进行授权!
2021-02-24 16:12:40,208 - Fota测试 - WARNING - function:data_dealcom.android.phone.rro_vendor 无需进行授权!
2021-02-24 16:12:40,273 - Fota测试 - WARNING - function:data_dealcom.qualcomm.wfd.service 无需进行授权!
2021-02-24 16:12:40,353 - Fota测试 - WARNING - function:data_dealcom.tct.smart.lostmode 无需进行授权!
2021-02-24 16:12:40,433 - Fota测试 - WARNING - function:data_dealcom.tct.smart.switchphone 无需进行授权!
2021-02-24 16:12:40,496 - Fota测试 - WARNING - function:data_dealcom.android.providers.settings.rro_common 无需进行授权!
2021-02-24 16:12:40,560 - Fota测试 - WARNING - function:data_dealcom.android.theme.icon_pack.rounded.launcher 无需进行授权!
2021-02-24 16:12:40,637 - Fota测试 - WARNING - function:data_dealcom.qti.qualcomm.deviceinfo 无需进行授权!
2021-02-24 16:12:40,706 - Fota测试 - WARNING - function:data_dealcom.tct.cellular.arda 无需进行授权!
2021-02-24 16:12:40,777 - Fota测试 - WARNING - function:data_dealcom.tct.systemservice 无需进行授权!
2021-02-24 16:12:40,843 - Fota测试 - WARNING - function:data_dealcom.tcl.tct.soundrecorder 无需进行授权!
2021-02-24 16:12:40,902 - Fota测试 - WARNING - function:data_dealcom.jrdcom.Elabel.a_overlay 无需进行授权!
2021-02-24 16:12:40,970 - Fota测试 - WARNING - function:data_dealcom.tcl.camera 无需进行授权!
2021-02-24 16:12:41,031 - Fota测试 - WARNING - function:data_dealcom.android.egg 无需进行授权!
2021-02-24 16:12:41,102 - Fota测试 - WARNING - function:data_dealcom.android.mtp 无需进行授权!
2021-02-24 16:12:41,171 - Fota测试 - WARNING - function:data_dealcom.android.nfc 无需进行授权!
2021-02-24 16:12:41,238 - Fota测试 - WARNING - function:data_dealcom.android.ons 无需进行授权!
2021-02-24 16:12:41,316 - Fota测试 - WARNING - function:data_dealcom.android.stk 无需进行授权!
2021-02-24 16:12:41,380 - Fota测试 - WARNING - function:data_dealcom.tct.wfcwebiew 无需进行授权!
2021-02-24 16:12:41,445 - Fota测试 - WARNING - function:data_dealcom.android.backupconfirm 无需进行授权!
2021-02-24 16:12:41,518 - Fota测试 - WARNING - function:data_dealcom.tcl.camera.a_overlay 无需进行授权!
2021-02-24 16:12:41,593 - Fota测试 - WARNING - function:data_dealcom.tcl.screenshotex 无需进行授权!
2021-02-24 16:12:41,665 - Fota测试 - WARNING - function:data_dealorg.codeaurora.ims 无需进行授权!
2021-02-24 16:12:41,749 - Fota测试 - WARNING - function:data_dealcom.android.statementservice 无需进行授权!
2021-02-24 16:12:41,834 - Fota测试 - WARNING - function:data_dealcom.tcl.token 无需进行授权!
2021-02-24 16:12:41,917 - Fota测试 - WARNING - function:data_dealcom.google.android.gm 无需进行授权!
2021-02-24 16:12:42,004 - Fota测试 - WARNING - function:data_dealcom.google.android.apps.tachyon 无需进行授权!
2021-02-24 16:12:42,083 - Fota测试 - WARNING - function:data_dealcom.google.android.overlay.gmsconfig.common 无需进行授权!
2021-02-24 16:12:42,158 - Fota测试 - WARNING - function:data_dealcom.android.settings.intelligence 无需进行授权!
2021-02-24 16:12:42,253 - Fota测试 - WARNING - function:data_dealcom.tct.sidebar 无需进行授权!
2021-02-24 16:12:42,347 - Fota测试 - WARNING - function:data_dealcom.tcl.logger 无需进行授权!
2021-02-24 16:12:42,418 - Fota测试 - WARNING - function:data_dealcom.android.internal.systemui.navbar.gestural_extra_wide_back 无需进行授权!
2021-02-24 16:12:42,498 - Fota测试 - WARNING - function:data_dealcom.android.overlay.modules.permissioncontroller.tctui.cts 无需进行授权!
2021-02-24 16:12:42,574 - Fota测试 - WARNING - function:data_dealcom.google.android.permissioncontroller 无需进行授权!
2021-02-24 16:12:42,647 - Fota测试 - WARNING - function:data_dealcom.qualcomm.qti.dynamicddsservice 无需进行授权!
2021-02-24 16:12:42,725 - Fota测试 - WARNING - function:data_dealcom.google.android.setupwizard 无需进行授权!
2021-02-24 16:12:42,804 - Fota测试 - WARNING - function:data_dealcom.sticktoit 无需进行授权!
2021-02-24 16:12:42,882 - Fota测试 - WARNING - function:data_dealcom.tct.smart.nps 无需进行授权!
2021-02-24 16:12:42,968 - Fota测试 - WARNING - function:data_dealcom.tcl.entitlement 无需进行授权!
2021-02-24 16:12:43,040 - Fota测试 - WARNING - function:data_dealcom.qualcomm.qcrilmsgtunnel 无需进行授权!
2021-02-24 16:12:43,131 - Fota测试 - WARNING - function:data_dealcom.tcl.usercare 无需进行授权!
2021-02-24 16:12:43,209 - Fota测试 - WARNING - function:data_dealcom.android.providers.settings 无需进行授权!
2021-02-24 16:12:43,281 - Fota测试 - WARNING - function:data_dealcom.android.providers.settings.rro_product 无需进行授权!
2021-02-24 16:12:43,354 - Fota测试 - WARNING - function:data_dealcom.android.sharedstoragebackup 无需进行授权!
2021-02-24 16:12:43,426 - Fota测试 - WARNING - function:data_dealcom.facebook.services 无需进行授权!
2021-02-24 16:12:43,510 - Fota测试 - WARNING - function:data_dealcom.android.printspooler 无需进行授权!
2021-02-24 16:12:43,587 - Fota测试 - WARNING - function:data_dealcom.android.providers.settings.rro_vendor 无需进行授权!
2021-02-24 16:12:43,661 - Fota测试 - WARNING - function:data_dealcom.qualcomm.qti.services.systemhelper 无需进行授权!
2021-02-24 16:12:43,747 - Fota测试 - WARNING - function:data_dealcom.android.theme.icon_pack.filled.settings 无需进行授权!
2021-02-24 16:12:43,822 - Fota测试 - WARNING - function:data_dealcom.android.wifi.resources.overlay.common 无需进行授权!
2021-02-24 16:12:43,896 - Fota测试 - WARNING - function:data_dealcom.android.dreams.basic 无需进行授权!
2021-02-24 16:12:43,979 - Fota测试 - WARNING - function:data_dealcom.android.mmitest 无需进行授权!
2021-02-24 16:12:44,045 - Fota测试 - WARNING - function:data_dealcom.tct.aio 无需进行授权!
2021-02-24 16:12:44,125 - Fota测试 - WARNING - function:data_dealcom.google.android.overlay.modules.ext.services 无需进行授权!
2021-02-24 16:12:44,222 - Fota测试 - WARNING - function:data_dealcom.android.se 无需进行授权!
2021-02-24 16:12:44,295 - Fota测试 - WARNING - function:data_dealcom.android.inputdevices 无需进行授权!
2021-02-24 16:12:44,399 - Fota测试 - WARNING - function:data_dealcom.google.android.apps.wellbeing 无需进行授权!
2021-02-24 16:12:44,486 - Fota测试 - WARNING - function:data_dealcom.google.android.overlay.gmsconfig.photos 无需进行授权!
2021-02-24 16:12:44,586 - Fota测试 - WARNING - function:data_dealcom.google.android.dialer 无需进行授权!
2021-02-24 16:12:44,666 - Fota测试 - WARNING - function:data_dealcom.android.bips 无需进行授权!
2021-02-24 16:12:44,740 - Fota测试 - WARNING - function:data_dealcom.qti.dpmserviceapp 无需进行授权!
2021-02-24 16:12:44,817 - Fota测试 - WARNING - function:data_dealcom.tcl.android.video 无需进行授权!
2021-02-24 16:12:44,891 - Fota测试 - WARNING - function:data_dealcom.google.android.captiveportallogin 无需进行授权!
2021-02-24 16:12:44,966 - Fota测试 - WARNING - function:data_dealcom.android.theme.icon_pack.circular.settings 无需进行授权!
2021-02-24 16:12:45,043 - Fota测试 - WARNING - function:data_dealcom.tcl.compass 无需进行授权!
2021-02-24 16:12:45,131 - Fota测试 - WARNING - function:data_dealcom.google.android.overlay.gmsconfig.comms 无需进行授权!
2021-02-24 16:12:45,210 - Fota测试 - WARNING - function:data_dealcom.tcl.android.launchertheme.res 无需进行授权!
2021-02-24 16:12:45,285 - Fota测试 - WARNING - function:data_dealcom.qti.xdivert 无需进行授权!
2021-02-24 16:12:45,359 - Fota测试 - WARNING - function:data_dealcom.android.musicfx 无需进行授权!
2021-02-24 16:12:45,481 - Fota测试 - WARNING - function:data_dealcom.google.android.apps.maps 无需进行授权!
2021-02-24 16:12:45,569 - Fota测试 - WARNING - function:data_dealcom.google.android.modulemetadata 无需进行授权!
2021-02-24 16:12:45,641 - Fota测试 - WARNING - function:data_dealcom.android.cellbroadcastreceiver 无需进行授权!
2021-02-24 16:12:45,747 - Fota测试 - WARNING - function:data_dealcom.google.android.webview 无需进行授权!
2021-02-24 16:12:45,826 - Fota测试 - WARNING - function:data_dealcom.android.theme.icon.teardrop 无需进行授权!
2021-02-24 16:12:45,905 - Fota测试 - WARNING - function:data_dealcom.google.android.overlay.modules.documentsui 无需进行授权!
2021-02-24 16:12:45,998 - Fota测试 - WARNING - function:data_dealcom.android.gallery3d.refocus 无需进行授权!
2021-02-24 16:12:46,069 - Fota测试 - WARNING - function:data_dealcom.google.android.networkstack 无需进行授权!
2021-02-24 16:12:46,158 - Fota测试 - WARNING - function:data_dealcom.google.android.contacts 无需进行授权!
2021-02-24 16:12:46,247 - Fota测试 - WARNING - function:data_dealcom.android.server.telecom 无需进行授权!
2021-02-24 16:12:46,324 - Fota测试 - WARNING - function:data_dealcom.google.android.syncadapters.contacts 无需进行授权!
2021-02-24 16:12:46,406 - Fota测试 - WARNING - function:data_dealcom.tct.setupwizard 无需进行授权!
2021-02-24 16:12:46,478 - Fota测试 - WARNING - function:data_dealcom.android.theme.icon_pack.rounded.themepicker 无需进行授权!
2021-02-24 16:12:46,567 - Fota测试 - WARNING - function:data_dealcom.android.keychain 无需进行授权!
2021-02-24 16:12:46,643 - Fota测试 - WARNING - function:data_dealcom.android.wifi.resources.overlay.target 无需进行授权!
2021-02-24 16:12:46,761 - Fota测试 - WARNING - function:data_dealcom.android.chrome 无需进行授权!
2021-02-24 16:12:46,840 - Fota测试 - WARNING - function:data_dealcom.google.android.cellbroadcastreceiver.rro_common 无需进行授权!
2021-02-24 16:12:46,898 - Fota测试 - WARNING - function:data_dealcom.android.theme.icon_pack.filled.systemui 无需进行授权!
2021-02-24 16:12:46,987 - Fota测试 - WARNING - function:data_dealcom.google.android.packageinstaller 无需进行授权!
2021-02-24 16:12:47,174 - Fota测试 - WARNING - function:data_dealcom.google.android.gms 无需进行授权!
2021-02-24 16:12:47,265 - Fota测试 - WARNING - function:data_dealcom.google.android.gsf 无需进行授权!
2021-02-24 16:12:47,347 - Fota测试 - WARNING - function:data_dealcom.google.android.ims 无需进行授权!
2021-02-24 16:12:47,428 - Fota测试 - WARNING - function:data_dealcom.google.android.tag 无需进行授权!
2021-02-24 16:12:47,509 - Fota测试 - WARNING - function:data_dealcom.google.android.tts 无需进行授权!
2021-02-24 16:12:47,582 - Fota测试 - WARNING - function:data_dealcom.android.wifi.resources 无需进行授权!
2021-02-24 16:12:47,659 - Fota测试 - WARNING - function:data_dealcom.maxelus.vortexgalaxylivewallpaper 无需进行授权!
2021-02-24 16:12:47,737 - Fota测试 - WARNING - function:data_dealcom.google.android.gmsintegration 无需进行授权!
2021-02-24 16:12:47,817 - Fota测试 - WARNING - function:data_dealandroid.rro_vendor 无需进行授权!
2021-02-24 16:12:47,893 - Fota测试 - WARNING - function:data_dealcom.google.android.apps.walletnfcrel 无需进行授权!
2021-02-24 16:12:47,969 - Fota测试 - WARNING - function:data_dealcom.android.calllogbackup 无需进行授权!
2021-02-24 16:12:48,041 - Fota测试 - WARNING - function:data_dealcom.google.android.partnersetup 无需进行授权!
2021-02-24 16:12:48,116 - Fota测试 - WARNING - function:data_dealcom.android.systemui.overlay.common 无需进行授权!
2021-02-24 16:12:48,201 - Fota测试 - WARNING - function:data_dealcom.tcl.keyguardshortcut 无需进行授权!
2021-02-24 16:12:48,279 - Fota测试 - WARNING - function:data_dealcom.android.localtransport 无需进行授权!
2021-02-24 16:12:48,372 - Fota测试 - WARNING - function:data_dealcom.getech.teamwork 无需进行授权!
2021-02-24 16:12:48,464 - Fota测试 - WARNING - function:data_dealcom.google.android.overlay.gmsconfig.gsa 无需进行授权!
2021-02-24 16:12:48,552 - Fota测试 - WARNING - function:data_dealcom.android.carrierdefaultapp 无需进行授权!
2021-02-24 16:12:48,617 - Fota测试 - WARNING - function:data_dealcom.android.carrierconfig.rro_product 无需进行授权!
2021-02-24 16:12:48,686 - Fota测试 - WARNING - function:data_dealcom.qualcomm.qti.remoteSimlockAuth 无需进行授权!
2021-02-24 16:12:48,765 - Fota测试 - WARNING - function:data_dealcom.qualcomm.qti.devicestatisticsservice 无需进行授权!
2021-02-24 16:12:48,840 - Fota测试 - WARNING - function:data_dealcom.tct.dialer.a_overlay 无需进行授权!
2021-02-24 16:12:49,007 - Fota测试 - WARNING - function:data_dealcom.kugou.android 无需进行授权!
2021-02-24 16:12:49,075 - Fota测试 - WARNING - function:data_dealcom.android.theme.font.notoserifsource 无需进行授权!
2021-02-24 16:12:49,139 - Fota测试 - WARNING - function:data_dealcom.android.theme.icon_pack.filled.android 无需进行授权!
2021-02-24 16:12:49,219 - Fota测试 - WARNING - function:data_dealcom.android.proxyhandler 无需进行授权!
2021-02-24 16:12:49,287 - Fota测试 - WARNING - function:data_dealcom.android.internal.display.cutout.emulation.waterfall 无需进行授权!
2021-02-24 16:12:49,357 - Fota测试 - WARNING - function:data_dealcom.tcl.android.launcher.overlay_Austin 无需进行授权!
2021-02-24 16:12:49,435 - Fota测试 - WARNING - function:data_dealcom.netflix.mediaclient 无需进行授权!
2021-02-24 16:12:49,510 - Fota测试 - WARNING - function:data_dealcom.android.theme.icon_pack.circular.systemui 无需进行授权!
2021-02-24 16:12:49,601 - Fota测试 - WARNING - function:data_dealcom.tct.retaildemo 无需进行授权!
2021-02-24 16:12:49,687 - Fota测试 - WARNING - function:data_dealcom.tcl.faceunlock 无需进行授权!
2021-02-24 16:12:49,752 - Fota测试 - WARNING - function:data_dealcom.google.android.overlay.modules.permissioncontroller.forframework 无需进行授权!
2021-02-24 16:12:49,835 - Fota测试 - WARNING - function:data_dealcom.google.android.feedback 无需进行授权!
2021-02-24 16:12:49,905 - Fota测试 - WARNING - function:data_dealcom.google.android.printservice.recommendation 无需进行授权!
2021-02-24 16:12:49,992 - Fota测试 - WARNING - function:data_dealcom.google.android.apps.photos 无需进行授权!
2021-02-24 16:12:50,083 - Fota测试 - WARNING - function:data_dealcom.google.android.calendar 无需进行授权!
2021-02-24 16:12:50,178 - Fota测试 - WARNING - function:data_dealcom.android.managedprovisioning 无需进行授权!
2021-02-24 16:12:50,258 - Fota测试 - WARNING - function:data_dealcom.tct.contacts.transfer.a_overlay 无需进行授权!
2021-02-24 16:12:50,343 - Fota测试 - WARNING - function:data_dealcom.android.soundpicker 无需进行授权!
2021-02-24 16:12:50,426 - Fota测试 - WARNING - function:data_dealcom.google.android.documentsui 无需进行授权!
2021-02-24 16:12:50,502 - Fota测试 - WARNING - function:data_dealcom.google.mainline.telemetry 无需进行授权!
2021-02-24 16:12:50,598 - Fota测试 - WARNING - function:data_dealcom.tct.multipleuser 无需进行授权!
2021-02-24 16:12:50,677 - Fota测试 - WARNING - function:data_dealcom.facebook.katana 无需进行授权!
2021-02-24 16:12:50,766 - Fota测试 - WARNING - function:data_dealcom.tct.diagprotector 无需进行授权!
2021-02-24 16:12:50,867 - Fota测试 - WARNING - function:data_dealcom.jrdcom.Elabel 无需进行授权!
2021-02-24 16:12:50,948 - Fota测试 - WARNING - function:data_dealcom.tcl.android.launcher.a_overlay 无需进行授权!
2021-02-24 16:12:51,007 - Fota测试 - WARNING - function:data_dealcom.tcl.demopage 无需进行授权!
2021-02-24 16:12:51,077 - Fota测试 - WARNING - function:data_dealcom.android.providers.partnerbookmarks 无需进行授权!
2021-02-24 16:12:51,148 - Fota测试 - WARNING - function:data_dealcom.tcl.tct.calculator 无需进行授权!
2021-02-24 16:12:51,225 - Fota测试 - WARNING - function:data_dealcom.arcsoft.arcsoftcalibrationtool 无需进行授权!
2021-02-24 16:12:51,295 - Fota测试 - WARNING - function:data_dealcom.android.wallpaper.livepicker 无需进行授权!
2021-02-24 16:12:51,362 - Fota测试 - WARNING - function:data_dealcom.netease.open.pocoservice 无需进行授权!
2021-02-24 16:12:51,438 - Fota测试 - WARNING - function:data_dealcom.tct.gamemode 无需进行授权!
2021-02-24 16:12:51,499 - Fota测试 - WARNING - function:data_dealcom.tct 无需进行授权!
2021-02-24 16:12:51,571 - Fota测试 - WARNING - function:data_dealcom.tct.applock 无需进行授权!
2021-02-24 16:12:51,649 - Fota测试 - WARNING - function:data_dealcom.facebook.system 无需进行授权!
2021-02-24 16:12:51,717 - Fota测试 - WARNING - function:data_dealcom.tclhz.gallery 无需进行授权!
2021-02-24 16:12:51,784 - Fota测试 - WARNING - function:data_dealcom.tctui 无需进行授权!
2021-02-24 16:12:51,847 - Fota测试 - WARNING - function:data_dealcom.android.theme.icon.squircle 无需进行授权!
2021-02-24 16:12:51,932 - Fota测试 - WARNING - function:data_dealcom.tct.batterywarning 无需进行授权!
2021-02-24 16:12:52,008 - Fota测试 - WARNING - function:data_dealcom.android.server.telecom.rro_common 无需进行授权!
2021-02-24 16:12:52,093 - Fota测试 - WARNING - function:data_dealcom.google.android.networkstack.permissionconfig 无需进行授权!
2021-02-24 16:12:52,177 - Fota测试 - WARNING - function:data_dealcom.android.storagemanager 无需进行授权!
2021-02-24 16:12:52,262 - Fota测试 - WARNING - function:data_dealcom.android.bookmarkprovider 无需进行授权!
2021-02-24 16:12:52,370 - Fota测试 - WARNING - function:data_dealcom.android.settings 无需进行授权!
2021-02-24 16:12:52,456 - Fota测试 - WARNING - function:data_dealcom.qualcomm.qti.cne 无需进行授权!
2021-02-24 16:12:52,546 - Fota测试 - WARNING - function:data_dealcom.qualcomm.qti.ims 无需进行授权!
2021-02-24 16:12:52,633 - Fota测试 - WARNING - function:data_dealcom.qualcomm.qti.lpa 无需进行授权!
2021-02-24 16:12:52,707 - Fota测试 - WARNING - function:data_dealcom.qualcomm.qti.uim 无需进行授权!
2021-02-24 16:12:52,787 - Fota测试 - WARNING - function:data_dealcom.android.theme.icon_pack.filled.launcher 无需进行授权!
2021-02-24 16:12:52,872 - Fota测试 - WARNING - function:data_dealcom.android.otaprovisioningclient 无需进行授权!
2021-02-24 16:12:52,960 - Fota测试 - WARNING - function:data_dealcom.google.android.projection.gearhead 无需进行授权!
2021-02-24 16:12:53,038 - Fota测试 - WARNING - function:data_dealcom.qualcomm.location 无需进行授权!
2021-02-24 16:12:53,135 - Fota测试 - WARNING - function:data_dealcom.android.cts.ctsshim 无需进行授权!
2021-02-24 16:12:53,222 - Fota测试 - WARNING - function:data_dealcom.tclhz.gallery.a_overlay 无需进行授权!
2021-02-24 16:12:53,298 - Fota测试 - WARNING - function:data_dealcom.google.android.overlay.modules.modulemetadata.forframework 无需进行授权!
2021-02-24 16:12:53,370 - Fota测试 - WARNING - function:data_dealcom.netease.open.pocoservice.test 无需进行授权!
2021-02-24 16:12:53,445 - Fota测试 - WARNING - function:data_dealcom.android.phone.overlay_T671F 无需进行授权!
2021-02-24 16:12:53,532 - Fota测试 - WARNING - function:data_dealcom.tct.tctsmartapprecommend 无需进行授权!
2021-02-24 16:12:53,611 - Fota测试 - WARNING - function:data_dealcom.android.theme.icon_pack.circular.launcher 无需进行授权!
2021-02-24 16:12:53,697 - Fota测试 - WARNING - function:data_dealcom.qualcomm.qti.uimGbaApp 无需进行授权!
2021-02-24 16:12:53,784 - Fota测试 - WARNING - function:data_dealcom.tct.android.secureinput 无需进行授权!
2021-02-24 16:12:53,871 - Fota测试 - WARNING - function:data_dealcom.qualcomm.qti.services.secureui 无需进行授权!
2021-02-24 16:12:53,959 - Fota测试 - WARNING - function:data_dealcom.tct.privatespace 无需进行授权!
2021-02-24 16:12:54,041 - Fota测试 - WARNING - function:data_dealcom.android.vpndialogs 无需进行授权!
2021-02-24 16:12:54,116 - Fota测试 - WARNING - function:data_dealcom.qualcomm.location.XT 无需进行授权!
2021-02-24 16:12:54,191 - Fota测试 - WARNING - function:data_dealandroid.rro_product 无需进行授权!
2021-02-24 16:12:54,278 - Fota测试 - WARNING - function:data_dealcom.android.phone 无需进行授权!
2021-02-24 16:12:54,366 - Fota测试 - WARNING - function:data_dealcom.android.shell 无需进行授权!
2021-02-24 16:12:54,454 - Fota测试 - WARNING - function:data_dealcom.android.overlay.modules.permissioncontroller.tctui 无需进行授权!
2021-02-24 16:12:54,526 - Fota测试 - WARNING - function:data_dealcom.android.theme.icon_pack.filled.themepicker 无需进行授权!
2021-02-24 16:12:54,621 - Fota测试 - WARNING - function:data_dealcom.android.wallpaperbackup 无需进行授权!
2021-02-24 16:12:54,705 - Fota测试 - WARNING - function:data_dealcom.android.providers.blockednumber 无需进行授权!
2021-02-24 16:12:54,786 - Fota测试 - WARNING - function:data_dealcom.android.stk.rro_common 无需进行授权!
2021-02-24 16:12:54,866 - Fota测试 - WARNING - function:data_dealcom.tct.faceunlock 无需进行授权!
2021-02-24 16:12:54,958 - Fota测试 - WARNING - function:data_dealcom.tcl.engineermode 无需进行授权!
2021-02-24 16:12:55,043 - Fota测试 - WARNING - function:data_dealcom.android.email.partnerprovider 无需进行授权!
2021-02-24 16:12:55,121 - Fota测试 - WARNING - function:data_dealcom.android.providers.userdictionary 无需进行授权!
2021-02-24 16:12:55,211 - Fota测试 - WARNING - function:data_dealcom.android.emergency 无需进行授权!
2021-02-24 16:12:55,295 - Fota测试 - WARNING - function:data_dealcom.qualcomm.qti.seccamservice 无需进行授权!
2021-02-24 16:12:55,379 - Fota测试 - WARNING - function:data_dealcom.android.hotspot2.osulogin 无需进行授权!
2021-02-24 16:12:55,462 - Fota测试 - WARNING - function:data_dealcom.qualcomm.qti.qdma 无需进行授权!
2021-02-24 16:12:55,546 - Fota测试 - WARNING - function:data_dealcom.google.android.gms.location.history 无需进行授权!
2021-02-24 16:12:55,603 - Fota测试 - WARNING - function:data_dealcom.android.internal.systemui.navbar.gestural 无需进行授权!
2021-02-24 16:12:55,692 - Fota测试 - WARNING - function:data_dealcom.android.location.fused 无需进行授权!
2021-02-24 16:12:55,777 - Fota测试 - WARNING - function:data_dealcom.android.theme.color.orchid 无需进行授权!
2021-02-24 16:12:55,894 - Fota测试 - WARNING - function:data_dealcom.android.deskclock 无需进行授权!
2021-02-24 16:12:55,987 - Fota测试 - WARNING - function:data_dealcom.android.systemui 无需进行授权!
2021-02-24 16:12:56,056 - Fota测试 - WARNING - function:data_dealcom.android.theme.color.purple 无需进行授权!
2021-02-24 16:12:56,130 - Fota测试 - WARNING - function:data_dealcom.google.android.overlay.modules.permissioncontroller.tctui 无需进行授权!
2021-02-24 16:12:56,213 - Fota测试 - WARNING - function:data_dealcom.android.bluetoothmidiservice 无需进行授权!
2021-02-24 16:12:56,298 - Fota测试 - WARNING - function:data_dealcom.qualcomm.qti.confdialer 无需进行授权!
2021-02-24 16:12:56,382 - Fota测试 - WARNING - function:data_dealcom.qualcomm.qti.poweroffalarm 无需进行授权!
2021-02-24 16:12:56,475 - Fota测试 - WARNING - function:data_dealcom.qti.ltebc 无需进行授权!
2021-02-24 16:12:56,556 - Fota测试 - WARNING - function:data_dealcom.tcl.screenrecorder 无需进行授权!
2021-02-24 16:12:56,666 - Fota测试 - WARNING - function:data_dealcom.facebook.appmanager 无需进行授权!
2021-02-24 16:12:56,748 - Fota测试 - WARNING - function:data_dealandroid.default_dialer 无需进行授权!
2021-02-24 16:12:56,840 - Fota测试 - WARNING - function:data_dealcom.android.traceur 无需进行授权!
2021-02-24 16:12:56,919 - Fota测试 - WARNING - function:data_dealcom.tct.privacyprotect 无需进行授权!
2021-02-24 16:12:56,992 - Fota测试 - WARNING - function:data_dealcom.google.android.cellbroadcastreceiver 无需进行授权!
2021-02-24 16:12:57,083 - Fota测试 - WARNING - function:data_dealcom.qualcomm.qti.qccauthmgr 无需进行授权!
2021-02-24 16:12:57,169 - Fota测试 - WARNING - function:data_dealcom.tcl.android.wallpaper.livepicker 无需进行授权!
2021-02-24 16:12:57,241 - Fota测试 - WARNING - function:data_dealcom.qualcomm.qti.server.wigig.tethering.rro 无需进行授权!
2021-02-24 16:12:57,325 - Fota测试 - WARNING - function:data_dealcom.android.bluetooth 无需进行授权!
2021-02-24 16:12:57,413 - Fota测试 - WARNING - function:data_dealcom.qualcomm.timeservice 无需进行授权!
2021-02-24 16:12:57,501 - Fota测试 - WARNING - function:data_dealcom.qualcomm.atfwd 无需进行授权!
2021-02-24 16:12:57,585 - Fota测试 - WARNING - function:data_dealcom.qualcomm.embms 无需进行授权!
2021-02-24 16:12:57,655 - Fota测试 - WARNING - function:data_dealcom.android.providers.contacts 无需进行授权!
2021-02-24 16:12:57,835 - Fota测试 - WARNING - function:data_dealcom.netease.cloudmusic 无需进行授权!
2021-02-24 16:12:57,909 - Fota测试 - WARNING - function:data_dealandroid.autoinstalls.config.TCL.PAI 无需进行授权!
2021-02-24 16:12:57,975 - Fota测试 - WARNING - function:data_dealcom.android.theme.icon.roundedrect 无需进行授权!
2021-02-24 16:12:58,053 - Fota测试 - WARNING - function:data_dealcom.android.internal.systemui.navbar.gestural_narrow_back 无需进行授权!
2021-02-24 16:12:58,148 - Fota测试 - WARNING - function:data_dealcom.tct.smart.account 无需进行授权!
2021-02-24 16:12:58,214 - Fota测试 - WARNING - function:data_dealcom.android.theme.icon_pack.rounded.settings 无需进行授权!
2021-02-24 16:12:58,334 - Fota测试 - WARNING - function:data_dealcom.google.android.inputmethod.latin 无需进行授权!
2021-02-24 16:12:58,417 - Fota测试 - WARNING - function:data_dealcom.android.theme.icon_pack.circular.android 无需进行授权!
2021-02-24 16:12:58,515 - Fota测试 - WARNING - function:data_dealcom.google.android.apps.restore 无需进行授权!
2021-02-24 16:13:06,505 - Fota测试 - INFO - 当前case测试结束，执行关闭APP操作：
2021-02-24 16:13:06,508 - Fota测试 - INFO - function:start_camera:启动camera app:
2021-02-24 16:13:08,043 - Fota测试 - INFO - function:enter_camera_settings:进入camera设置界面:
2021-02-24 16:13:10,690 - Fota测试 - INFO - function:change_ai_scene_status:改变Ai scene status的值:
2021-02-24 16:13:15,636 - Fota测试 - INFO - APP关闭完成
2021-02-24 16:13:15,643 - Fota测试 - INFO - 当前case测试结束，执行关闭APP操作：
2021-02-24 16:13:15,643 - Fota测试 - INFO - function:start_camera:启动camera app:
2021-02-24 16:13:17,152 - Fota测试 - INFO - function:enter_camera_settings:进入camera设置界面:
2021-02-24 16:13:19,775 - Fota测试 - INFO - function:change_ai_scene_status:改变Ai scene status的值:
2021-02-24 16:13:22,733 - Fota测试 - INFO - APP关闭完成
2021-02-24 16:13:22,739 - Fota测试 - INFO - 当前case测试结束，执行关闭APP操作：
2021-02-24 16:13:22,740 - Fota测试 - INFO - function:start_camera:启动camera app:
2021-02-24 16:13:24,276 - Fota测试 - INFO - function:enter_camera_settings:进入camera设置界面:
2021-02-24 16:13:26,790 - Fota测试 - INFO - function:change_ai_scene_status:改变Ai scene status的值:
2021-02-24 16:13:29,869 - Fota测试 - INFO - APP关闭完成
2021-02-24 16:13:29,875 - Fota测试 - INFO - 当前case测试结束，执行关闭APP操作：
2021-02-24 16:13:29,876 - Fota测试 - INFO - function:start_camera:启动camera app:
2021-02-24 16:13:31,441 - Fota测试 - INFO - function:enter_camera_settings:进入camera设置界面:
2021-02-24 16:13:34,078 - Fota测试 - INFO - function:change_ai_scene_status:改变Ai scene status的值:
2021-02-24 16:13:37,352 - Fota测试 - INFO - APP关闭完成
2021-02-24 16:13:37,358 - Fota测试 - INFO - 当前case测试结束，执行关闭APP操作：
2021-02-24 16:13:37,359 - Fota测试 - INFO - function:start_chrome:启动chrome app:
2021-02-24 16:13:38,942 - Fota测试 - INFO - function:enter_website:进入网页www.baidu.com:
2021-02-24 16:13:45,969 - Fota测试 - INFO - function:enter_website:成功进入网页www.baidu.com:
2021-02-24 16:13:49,463 - Fota测试 - INFO - APP关闭完成
2021-02-24 16:13:49,469 - Fota测试 - INFO - 当前case测试结束，执行关闭APP操作：
2021-02-24 16:13:49,470 - Fota测试 - INFO - function:start_calendar:启动calendar app:
2021-02-24 16:13:51,127 - Fota测试 - INFO - function:start_calendar:启动calendar app:
2021-02-24 16:13:52,968 - Fota测试 - INFO - APP关闭完成
2021-02-24 16:13:52,975 - Fota测试 - INFO - 当前case测试结束，执行关闭APP操作：
2021-02-24 16:13:53,133 - Fota测试 - INFO - 当前界面为主界面
